
          -------------------------------------------------------
          Amber 22 PMEMD                              2022
          -------------------------------------------------------

| PMEMD implementation of SANDER, Release 22

|  Compiled date/time: Tue Nov 21 19:52:11 2023
| Run on 05/02/2024 at 16:47:47

|   Executable path: pmemd.cuda
| Working directory: /home/polina/xray-refinement/4_protocol_run/output/1k33_modeller_saved_split/1K33_1|Chain.B99990034
|          Hostname: bionmr-mom-002

  [-O]verwriting output

File Assignments:
|   MDIN: 4_cooling/cooling.in                                                  
|  MDOUT: 4_cooling/cooling.out                                                 
| INPCRD: 3_evolution/evolution.ncrst                                           
|   PARM: 0_prepare/wbox.xray.parm7                                             
| RESTRT: 4_cooling/cooling.ncrst                                               
|   REFC: inputs/wbox.rst7                                                      
|  MDVEL: mdvel                                                                 
|   MDEN: mden                                                                  
|  MDCRD: 4_cooling/cooling.nc                                                  
| MDINFO: mdinfo                                                                
|  MDFRC: mdfrc                                                                 


 Here is the input file:

Generated by amber_runner                                                      
&cntrl                                                                         
    imin = 0                                                                   
    ntx = 5                                                                    
    irest = 1                                                                  
    iwrap = 1                                                                  
    nstlim = 5000                                                              
    dt = 0.002                                                                 
    ntf = 2                                                                    
    ntc = 2                                                                    
    tempi = 298.0                                                              
    temp0 = 0.0                                                                
    ntpr = 100                                                                 
    ntwx = 100                                                                 
    cut = 8.0                                                                  
    ntb = 1                                                                    
    ntp = 0                                                                    
    ntt = 3                                                                    
    gamma_ln = 2.0                                                             
    nscm = 200                                                                 
    nmropt = 1                                                                 
/                                                                              
                                                                               
&xray                                                                          
    spacegroup_name = 'P1'                                                     
    pdb_infile = 'inputs/wbox.pdb'                                             
    pdb_read_coordinates = .false.                                             
    reflection_infile = '0_prepare/sf.dat'                                     
    atom_selection_mask = ':1-594'                                             
    xray_weight_initial = 1.0                                                  
    xray_weight_final = 1.0                                                    
    target = 'ml'                                                              
    bulk_solvent_model = 'afonine-2013'                                        
/                                                                              
&wt                                                                            
    type = 'TEMP0'                                                             
    istep1 = 0                                                                 
    istep2 = 500                                                               
    value1 = 298.0                                                             
    value2 = 262.5                                                             
/                                                                              
                                                                               
&wt                                                                            
    type = 'TEMP0'                                                             
    istep1 = 501                                                               
    istep2 = 625                                                               
    value1 = 262.5                                                             
    value2 = 262.5                                                             
/                                                                              
                                                                               
&wt                                                                            
    type = 'TEMP0'                                                             
    istep1 = 626                                                               
    istep2 = 1125                                                              
    value1 = 262.5                                                             
    value2 = 225.0                                                             
/                                                                              
                                                                               
&wt                                                                            
    type = 'TEMP0'                                                             
    istep1 = 1126                                                              
    istep2 = 1250                                                              
    value1 = 225.0                                                             
    value2 = 225.0                                                             
/                                                                              
                                                                               
&wt                                                                            
    type = 'TEMP0'                                                             
    istep1 = 1251                                                              
    istep2 = 1750                                                              
    value1 = 225.0                                                             
    value2 = 187.5                                                             
/                                                                              
                                                                               
&wt                                                                            
    type = 'TEMP0'                                                             
    istep1 = 1751                                                              
    istep2 = 1875                                                              
    value1 = 187.5                                                             
    value2 = 187.5                                                             
/                                                                              
                                                                               
&wt                                                                            
    type = 'TEMP0'                                                             
    istep1 = 1876                                                              
    istep2 = 2375                                                              
    value1 = 187.5                                                             
    value2 = 150.0                                                             
/                                                                              
                                                                               
&wt                                                                            
    type = 'TEMP0'                                                             
    istep1 = 2376                                                              
    istep2 = 2500                                                              
    value1 = 150.0                                                             
    value2 = 150.0                                                             
/                                                                              
                                                                               
&wt                                                                            
    type = 'TEMP0'                                                             
    istep1 = 2501                                                              
    istep2 = 3000                                                              
    value1 = 150.0                                                             
    value2 = 112.5                                                             
/                                                                              
                                                                               
&wt                                                                            
    type = 'TEMP0'                                                             
    istep1 = 3001                                                              
    istep2 = 3125                                                              
    value1 = 112.5                                                             
    value2 = 112.5                                                             
/                                                                              
                                                                               
&wt                                                                            
    type = 'TEMP0'                                                             
    istep1 = 3126                                                              
    istep2 = 3625                                                              
    value1 = 112.5                                                             
    value2 = 75.0                                                              
/                                                                              
                                                                               
&wt                                                                            
    type = 'TEMP0'                                                             
    istep1 = 3626                                                              
    istep2 = 3750                                                              
    value1 = 75.0                                                              
    value2 = 75.0                                                              
/                                                                              
                                                                               
&wt                                                                            
    type = 'TEMP0'                                                             
    istep1 = 3751                                                              
    istep2 = 4250                                                              
    value1 = 75.0                                                              
    value2 = 37.5                                                              
/                                                                              
                                                                               
&wt                                                                            
    type = 'TEMP0'                                                             
    istep1 = 4251                                                              
    istep2 = 4375                                                              
    value1 = 37.5                                                              
    value2 = 37.5                                                              
/                                                                              
                                                                               
&wt                                                                            
    type = 'TEMP0'                                                             
    istep1 = 4376                                                              
    istep2 = 4875                                                              
    value1 = 37.5                                                              
    value2 = 0.0                                                               
/                                                                              
                                                                               
&wt                                                                            
    type = 'TEMP0'                                                             
    istep1 = 4876                                                              
    istep2 = 5000                                                              
    value1 = 0.0                                                               
    value2 = 0.0                                                               
/                                                                              
                                                                               
&wt                                                                            
    type = 'END'                                                               
/                                                                              


Note: ig = -1. Setting random seed to    43884 based on wallclock time in 
      microseconds.
| irandom = 1, using AMBER's internal random number generator (default).
 
|--------------------- INFORMATION ----------------------
| GPU (CUDA) Version of PMEMD in use: NVIDIA GPU IN USE.
|                    Version 18.0.0
| 
|                      03/25/2018
| 
| Implementation by:
|                    Ross C. Walker     (SDSC)
|                    Scott Le Grand     (nVIDIA)
| 
| Version 18 performance extensions by:
|                    David Cerutti     (Rutgers)
| 
| Precision model in use:
|      [SPFP] - Single Precision Forces, 64-bit Fixed Point
|               Accumulation. (Default)
| 
|--------------------------------------------------------
 
|----------------- CITATION INFORMATION -----------------
|
|    When publishing work that utilized the CUDA version
|    of AMBER, please cite the following in addition to
|    the regular AMBER citations:
|
|  - Romelia Salomon-Ferrer; Andreas W. Goetz; Duncan
|    Poole; Scott Le Grand; Ross C. Walker "Routine
|    microsecond molecular dynamics simulations with
|    AMBER - Part II: Particle Mesh Ewald", J. Chem.
|    Theory Comput., 2013, 9 (9), pp3878-3888,
|    DOI: 10.1021/ct400314y.
|
|  - Andreas W. Goetz; Mark J. Williamson; Dong Xu;
|    Duncan Poole; Scott Le Grand; Ross C. Walker
|    "Routine microsecond molecular dynamics simulations
|    with AMBER - Part I: Generalized Born", J. Chem.
|    Theory Comput., 2012, 8 (5), pp1542-1555.
|
|  - Scott Le Grand; Andreas W. Goetz; Ross C. Walker
|    "SPFP: Speed without compromise - a mixed precision
|    model for GPU accelerated molecular dynamics
|    simulations.", Comp. Phys. Comm., 2013, 184
|    pp374-380, DOI: 10.1016/j.cpc.2012.09.022
|
|--------------------------------------------------------
 
|------------------- GPU DEVICE INFO --------------------
|
|            CUDA_VISIBLE_DEVICES: 0
|   CUDA Capable Devices Detected:      1
|           CUDA Device ID in use:      0
|                CUDA Device Name: NVIDIA GeForce RTX 2080 Ti
|     CUDA Device Global Mem Size:  11019 MB
| CUDA Device Num Multiprocessors:     68
|           CUDA Device Core Freq:   1.54 GHz
|
|--------------------------------------------------------
 
 
| Conditional Compilation Defines Used:
| PUBFFT
| BINTRAJ
| CUDA
| EMIL

| Largest sphere to fit in unit cell has radius =    22.453

| New format PARM file being parsed.
| Version =    1.000 Date = 05/02/24 Time = 16:44:39

| Note: 1-4 EEL scale factors are being read from the topology file.

| Note: 1-4 VDW scale factors are being read from the topology file.
| Duplicated    0 dihedrals

| Duplicated    0 dihedrals

--------------------------------------------------------------------------------
   1.  RESOURCE   USE: 
--------------------------------------------------------------------------------

 getting box info from netcdf restart file
 NATOM  =   15240 NTYPES =      16 NBONH =   10427 MBONA  =    4878
 NTHETH =   10523 MTHETA =    6588 NPHIH =   21926 MPHIA  =   20693
 NHPARM =       0 NPARM  =       0 NNB   =   59455 NRES   =    2519
 NBONA  =    4878 NTHETA =    6588 NPHIA =   20693 NUMBND =      63
 NUMANG =     143 NPTRA  =     189 NATYP =      34 NPHB   =       0
 IFBOX  =       1 NMXRS  =      24 IFCAP =       0 NEXTRA =       0
 NCOPY  =       0

 XRAY_SYMMETRY_TYPE not found in PRMTOP file; assuming P1
| Coordinate Index Table dimensions:     9    9   13
| Direct force subcell size =     5.7614    5.7614    4.6692

     BOX TYPE: RECTILINEAR

--------------------------------------------------------------------------------
   2.  CONTROL  DATA  FOR  THE  RUN
--------------------------------------------------------------------------------

default_name                                                                    

General flags:
     imin    =       0, nmropt  =       1

Nature and format of input:
     ntx     =       5, irest   =       1, ntrx    =       1

Nature and format of output:
     ntxo    =       2, ntpr    =     100, ntrx    =       1, ntwr    =    5000
     iwrap   =       1, ntwx    =     100, ntwv    =       0, ntwe    =       0
     ioutfm  =       1, ntwprt  =       0, idecomp =       0, rbornstat=      0

Potential function:
     ntf     =       2, ntb     =       1, igb     =       0, nsnb    =      25
     ipol    =       0, gbsa    =       0, iesp    =       0
     dielc   =   1.00000, cut     =   8.00000, intdiel =   1.00000

Frozen or restrained atoms:
     ibelly  =       0, ntr     =       0

Molecular dynamics:
     nstlim  =      5000, nscm    =       200, nrespa  =         1
     t       =   0.00000, dt      =   0.00200, vlimit  =  -1.00000

Langevin dynamics temperature regulation:
     ig      =   43884
     temp0   =   0.00000, tempi   = 298.00000, gamma_ln=   2.00000

SHAKE:
     ntc     =       2, jfastw  =       0
     tol     =   0.00001

NMR refinement options:
     iscale  =       0, noeskp  =       1, ipnlty  =       1, mxsub   =       1
     scalm   = 100.00000, pencut  =   0.10000, tausw   =   0.10000

| Intermolecular bonds treatment:
|     no_intermolecular_bonds =       1

| Energy averages sample interval:
|     ene_avg_sampling =     100

Ewald parameters:
     verbose =       0, ew_type =       0, nbflag  =       1, use_pme =       1
     vdwmeth =       1, eedmeth =       1, netfrc  =       1
     Box X =   51.853   Box Y =   51.853   Box Z =   60.700
     Alpha =   90.000   Beta  =   90.000   Gamma =  120.000
     NFFT1 =   56       NFFT2 =   56       NFFT3 =   64
     Cutoff=    8.000   Tol   =0.100E-04
     Ewald Coefficient =  0.34864
     Interpolation order =    4

X-ray Refinement Parameters:
     PDB InFile: inputs/wbox.pdb
     PDB Read Coordinates: F
     PDB Use SegID: F
     PDB Wrap Names: F
     Spacegroup: P 1
     Reflection InFile: 0_prepare/sf.dat
     X-ray weights:  0.100E+01 ...  0.100E+01
     Use target: ml  
     Scale update Interval:   100
     Solvent Mask Update Interval:   100
     Solvent scale:   0.350, B-factor:  46.000
     Atom Selection Mask: :1-594
     Setting ifbox to 3 for non-orthogonal unit cell

--------------------------------------------------------------------------------
   3.  ATOMIC COORDINATES AND VELOCITIES
--------------------------------------------------------------------------------

default_name                                                                    
 begin time read from input coords =    30.000 ps



           Begin reading energy term weight changes/NMR restraints
 WEIGHT CHANGES:
 TEMP0         0    500  298.000000  262.500000      0      0
 TEMP0       501    625  262.500000  262.500000      0      0
 TEMP0       626   1125  262.500000  225.000000      0      0
 TEMP0      1126   1250  225.000000  225.000000      0      0
 TEMP0      1251   1750  225.000000  187.500000      0      0
 TEMP0      1751   1875  187.500000  187.500000      0      0
 TEMP0      1876   2375  187.500000  150.000000      0      0
 TEMP0      2376   2500  150.000000  150.000000      0      0
 TEMP0      2501   3000  150.000000  112.500000      0      0
 TEMP0      3001   3125  112.500000  112.500000      0      0
 TEMP0      3126   3625  112.500000   75.000000      0      0
 TEMP0      3626   3750   75.000000   75.000000      0      0
 TEMP0      3751   4250   75.000000   37.500000      0      0
 TEMP0      4251   4375   37.500000   37.500000      0      0
 TEMP0      4376   4875   37.500000    0.000000      0      0
 TEMP0      4876   5000    0.000000    0.000000      0      0

 RESTRAINTS:
                          ** No restraint defined **

                  Done reading weight changes/NMR restraints


 
PDB: All atoms read successfully.
XRAY: UNIT CELL=    51.853   51.853   60.700  90.00  90.00 120.00
Found   9479 atoms in :1-594;                                                                                                                                                                                                                                                         
 atomic size       18380           6
 Number of triangulated 3-point waters found:     1918

     Sum of charges from parm topology file =  -0.00000051
     Forcing neutrality...

| Dynamic Memory, Types Used:
| Reals              511213
| Integers          1507039

| Nonbonded Pairs Initial Allocation:     2545461

| GPU memory information (estimate):
| KB of GPU memory in use:    108062
| KB of CPU memory in use:     37070

--------------------------------------------------------------------------------
   4.  RESULTS
--------------------------------------------------------------------------------


 NSTEP =      100   TIME(PS) =      30.200  TEMP(K) =   298.99  PRESS =     0.0
 Etot   =     37709.8229  EKtot   =     10484.5371  EPtot      =     27225.2858
 BOND   =      1787.5239  ANGLE   =      4626.7780  DIHED      =      8320.2463
 1-4 NB =      2413.8926  1-4 EEL =     16401.0135  VDWAALS    =     -4473.2547
 EELEC  =    -68079.0519  EHBOND  =         0.0000  RESTRAINT  =     66228.1380
 Exray  =     66228.1380  Rwork   =         0.2196  Rfree      =         0.2360
 EAMBER (non-restraint)  =    -39002.8522
 ------------------------------------------------------------------------------

 NMR restraints: Bond =    0.000   Angle =     0.000   Torsion =     0.000
===============================================================================

 NSTEP =      200   TIME(PS) =      30.400  TEMP(K) =   293.68  PRESS =     0.0
 Etot   =     37741.2068  EKtot   =     10298.3779  EPtot      =     27442.8289
 BOND   =      1785.7072  ANGLE   =      4711.0761  DIHED      =      8365.5349
 1-4 NB =      2435.7299  1-4 EEL =     16330.9049  VDWAALS    =     -4500.7793
 EELEC  =    -68067.8903  EHBOND  =         0.0000  RESTRAINT  =     66382.5456
 Exray  =     66382.5456  Rwork   =         0.2197  Rfree      =         0.2410
 EAMBER (non-restraint)  =    -38939.7167
 ------------------------------------------------------------------------------

 NMR restraints: Bond =    0.000   Angle =     0.000   Torsion =     0.000
===============================================================================

 NSTEP =      300   TIME(PS) =      30.600  TEMP(K) =   290.69  PRESS =     0.0
 Etot   =     37484.3328  EKtot   =     10193.4854  EPtot      =     27290.8475
 BOND   =      1791.6705  ANGLE   =      4691.5632  DIHED      =      8325.0207
 1-4 NB =      2411.2202  1-4 EEL =     16349.6163  VDWAALS    =     -4474.6598
 EELEC  =    -68225.7759  EHBOND  =         0.0000  RESTRAINT  =     66422.1924
 Exray  =     66422.1924  Rwork   =         0.2204  Rfree      =         0.2331
 EAMBER (non-restraint)  =    -39131.3449
 ------------------------------------------------------------------------------

 NMR restraints: Bond =    0.000   Angle =     0.000   Torsion =     0.000
===============================================================================

 NSTEP =      400   TIME(PS) =      30.800  TEMP(K) =   287.63  PRESS =     0.0
 Etot   =     37007.0035  EKtot   =     10086.2949  EPtot      =     26920.7085
 BOND   =      1772.7255  ANGLE   =      4523.1330  DIHED      =      8288.6469
 1-4 NB =      2388.3262  1-4 EEL =     16412.2458  VDWAALS    =     -4551.1049
 EELEC  =    -68173.9067  EHBOND  =         0.0000  RESTRAINT  =     66260.6427
 Exray  =     66260.6427  Rwork   =         0.2201  Rfree      =         0.2317
 EAMBER (non-restraint)  =    -39339.9341
 ------------------------------------------------------------------------------

 NMR restraints: Bond =    0.000   Angle =     0.000   Torsion =     0.000
===============================================================================

 NSTEP =      500   TIME(PS) =      31.000  TEMP(K) =   280.49  PRESS =     0.0
 Etot   =     36455.3384  EKtot   =      9835.8643  EPtot      =     26619.4741
 BOND   =      1730.3052  ANGLE   =      4478.3776  DIHED      =      8228.3394
 1-4 NB =      2409.3456  1-4 EEL =     16396.4670  VDWAALS    =     -4623.8134
 EELEC  =    -68217.8157  EHBOND  =         0.0000  RESTRAINT  =     66218.2684
 Exray  =     66218.2684  Rwork   =         0.2179  Rfree      =         0.2373
 EAMBER (non-restraint)  =    -39598.7942
 ------------------------------------------------------------------------------

 NMR restraints: Bond =    0.000   Angle =     0.000   Torsion =     0.000
===============================================================================

 NSTEP =      600   TIME(PS) =      31.200  TEMP(K) =   277.81  PRESS =     0.0
 Etot   =     36049.9651  EKtot   =      9741.9824  EPtot      =     26307.9827
 BOND   =      1648.6414  ANGLE   =      4429.1308  DIHED      =      8211.2702
 1-4 NB =      2370.4235  1-4 EEL =     16438.7578  VDWAALS    =     -4489.0821
 EELEC  =    -68493.1101  EHBOND  =         0.0000  RESTRAINT  =     66191.9513
 Exray  =     66191.9513  Rwork   =         0.2175  Rfree      =         0.2354
 EAMBER (non-restraint)  =    -39883.9686
 ------------------------------------------------------------------------------

 NMR restraints: Bond =    0.000   Angle =     0.000   Torsion =     0.000
===============================================================================

 NSTEP =      700   TIME(PS) =      31.400  TEMP(K) =   271.48  PRESS =     0.0
 Etot   =     35849.3784  EKtot   =      9519.8789  EPtot      =     26329.4995
 BOND   =      1614.9823  ANGLE   =      4420.2976  DIHED      =      8205.1260
 1-4 NB =      2400.1729  1-4 EEL =     16411.4562  VDWAALS    =     -4506.8288
 EELEC  =    -68585.0563  EHBOND  =         0.0000  RESTRAINT  =     66369.3496
 Exray  =     66369.3496  Rwork   =         0.2177  Rfree      =         0.2376
 EAMBER (non-restraint)  =    -40039.8501
 ------------------------------------------------------------------------------

 NMR restraints: Bond =    0.000   Angle =     0.000   Torsion =     0.000
===============================================================================

 NSTEP =      800   TIME(PS) =      31.600  TEMP(K) =   265.02  PRESS =     0.0
 Etot   =     35432.9371  EKtot   =      9293.6211  EPtot      =     26139.3160
 BOND   =      1655.6209  ANGLE   =      4297.4049  DIHED      =      8220.0268
 1-4 NB =      2358.4570  1-4 EEL =     16367.7951  VDWAALS    =     -4528.7338
 EELEC  =    -68608.6467  EHBOND  =         0.0000  RESTRAINT  =     66377.3917
 Exray  =     66377.3917  Rwork   =         0.2177  Rfree      =         0.2381
 EAMBER (non-restraint)  =    -40238.0757
 ------------------------------------------------------------------------------

 NMR restraints: Bond =    0.000   Angle =     0.000   Torsion =     0.000
===============================================================================

 NSTEP =      900   TIME(PS) =      31.800  TEMP(K) =   260.68  PRESS =     0.0
 Etot   =     34926.5050  EKtot   =      9141.2764  EPtot      =     25785.2287
 BOND   =      1618.5752  ANGLE   =      4212.0419  DIHED      =      8170.9591
 1-4 NB =      2373.1540  1-4 EEL =     16398.0290  VDWAALS    =     -4546.1835
 EELEC  =    -68641.1720  EHBOND  =         0.0000  RESTRAINT  =     66199.8250
 Exray  =     66199.8250  Rwork   =         0.2171  Rfree      =         0.2320
 EAMBER (non-restraint)  =    -40414.5963
 ------------------------------------------------------------------------------

 NMR restraints: Bond =    0.000   Angle =     0.000   Torsion =     0.000
===============================================================================

 NSTEP =     1000   TIME(PS) =      32.000  TEMP(K) =   252.49  PRESS =     0.0
 Etot   =     34297.0787  EKtot   =      8854.2227  EPtot      =     25442.8560
 BOND   =      1600.9580  ANGLE   =      4174.2898  DIHED      =      8190.5632
 1-4 NB =      2375.8308  1-4 EEL =     16376.2616  VDWAALS    =     -4425.9732
 EELEC  =    -68879.9816  EHBOND  =         0.0000  RESTRAINT  =     66030.9075
 Exray  =     66030.9075  Rwork   =         0.2154  Rfree      =         0.2335
 EAMBER (non-restraint)  =    -40588.0515
 ------------------------------------------------------------------------------

 NMR restraints: Bond =    0.000   Angle =     0.000   Torsion =     0.000
===============================================================================

 NSTEP =     1100   TIME(PS) =      32.200  TEMP(K) =   246.14  PRESS =     0.0
 Etot   =     33773.1653  EKtot   =      8631.3662  EPtot      =     25141.7991
 BOND   =      1502.2881  ANGLE   =      4050.2838  DIHED      =      8119.6190
 1-4 NB =      2366.3013  1-4 EEL =     16412.5964  VDWAALS    =     -4530.1962
 EELEC  =    -68909.3296  EHBOND  =         0.0000  RESTRAINT  =     66130.2362
 Exray  =     66130.2362  Rwork   =         0.2165  Rfree      =         0.2329
 EAMBER (non-restraint)  =    -40988.4371
 ------------------------------------------------------------------------------

 NMR restraints: Bond =    0.000   Angle =     0.000   Torsion =     0.000
===============================================================================

 NSTEP =     1200   TIME(PS) =      32.400  TEMP(K) =   241.47  PRESS =     0.0
 Etot   =     33298.0899  EKtot   =      8467.6045  EPtot      =     24830.4854
 BOND   =      1465.0569  ANGLE   =      4042.8420  DIHED      =      8153.7941
 1-4 NB =      2376.0483  1-4 EEL =     16383.5019  VDWAALS    =     -4481.6819
 EELEC  =    -69210.2772  EHBOND  =         0.0000  RESTRAINT  =     66101.2013
 Exray  =     66101.2013  Rwork   =         0.2163  Rfree      =         0.2297
 EAMBER (non-restraint)  =    -41270.7158
 ------------------------------------------------------------------------------

 NMR restraints: Bond =    0.000   Angle =     0.000   Torsion =     0.000
===============================================================================

 NSTEP =     1300   TIME(PS) =      32.600  TEMP(K) =   235.89  PRESS =     0.0
 Etot   =     32854.5614  EKtot   =      8271.8496  EPtot      =     24582.7118
 BOND   =      1473.3070  ANGLE   =      4015.7773  DIHED      =      8096.7131
 1-4 NB =      2364.1210  1-4 EEL =     16459.0114  VDWAALS    =     -4506.0130
 EELEC  =    -69313.0542  EHBOND  =         0.0000  RESTRAINT  =     65992.8490
 Exray  =     65992.8490  Rwork   =         0.2143  Rfree      =         0.2335
 EAMBER (non-restraint)  =    -41410.1372
 ------------------------------------------------------------------------------

 NMR restraints: Bond =    0.000   Angle =     0.000   Torsion =     0.000
===============================================================================

 NSTEP =     1400   TIME(PS) =      32.800  TEMP(K) =   232.27  PRESS =     0.0
 Etot   =     32523.0681  EKtot   =      8145.0503  EPtot      =     24378.0178
 BOND   =      1480.0608  ANGLE   =      3858.1465  DIHED      =      8113.4126
 1-4 NB =      2319.2171  1-4 EEL =     16418.4356  VDWAALS    =     -4465.3489
 EELEC  =    -69392.6314  EHBOND  =         0.0000  RESTRAINT  =     66046.7255
 Exray  =     66046.7255  Rwork   =         0.2144  Rfree      =         0.2332
 EAMBER (non-restraint)  =    -41668.7077
 ------------------------------------------------------------------------------

 NMR restraints: Bond =    0.000   Angle =     0.000   Torsion =     0.000
===============================================================================

 NSTEP =     1500   TIME(PS) =      33.000  TEMP(K) =   225.54  PRESS =     0.0
 Etot   =     32080.4521  EKtot   =      7908.9580  EPtot      =     24171.4941
 BOND   =      1415.6051  ANGLE   =      3867.4100  DIHED      =      8075.2923
 1-4 NB =      2353.2337  1-4 EEL =     16396.4731  VDWAALS    =     -4479.1968
 EELEC  =    -69578.1651  EHBOND  =         0.0000  RESTRAINT  =     66120.8418
 Exray  =     66120.8418  Rwork   =         0.2151  Rfree      =         0.2310
 EAMBER (non-restraint)  =    -41949.3477
 ------------------------------------------------------------------------------

 NMR restraints: Bond =    0.000   Angle =     0.000   Torsion =     0.000
===============================================================================

 NSTEP =     1600   TIME(PS) =      33.200  TEMP(K) =   217.71  PRESS =     0.0
 Etot   =     31439.3742  EKtot   =      7634.2715  EPtot      =     23805.1027
 BOND   =      1382.7803  ANGLE   =      3803.2659  DIHED      =      8056.2885
 1-4 NB =      2377.8623  1-4 EEL =     16426.8131  VDWAALS    =     -4589.6670
 EELEC  =    -69552.5945  EHBOND  =         0.0000  RESTRAINT  =     65900.3541
 Exray  =     65900.3541  Rwork   =         0.2132  Rfree      =         0.2311
 EAMBER (non-restraint)  =    -42095.2514
 ------------------------------------------------------------------------------

 NMR restraints: Bond =    0.000   Angle =     0.000   Torsion =     0.000
===============================================================================

 NSTEP =     1700   TIME(PS) =      33.400  TEMP(K) =   209.66  PRESS =     0.0
 Etot   =     30899.2498  EKtot   =      7352.0493  EPtot      =     23547.2005
 BOND   =      1367.5075  ANGLE   =      3742.0777  DIHED      =      8017.8934
 1-4 NB =      2312.1525  1-4 EEL =     16354.1339  VDWAALS    =     -4463.7053
 EELEC  =    -69778.3471  EHBOND  =         0.0000  RESTRAINT  =     65995.4879
 Exray  =     65995.4879  Rwork   =         0.2147  Rfree      =         0.2304
 EAMBER (non-restraint)  =    -42448.2874
 ------------------------------------------------------------------------------

 NMR restraints: Bond =    0.000   Angle =     0.000   Torsion =     0.000
===============================================================================

 NSTEP =     1800   TIME(PS) =      33.600  TEMP(K) =   202.42  PRESS =     0.0
 Etot   =     30351.5328  EKtot   =      7098.2998  EPtot      =     23253.2330
 BOND   =      1328.4308  ANGLE   =      3649.6289  DIHED      =      8028.7589
 1-4 NB =      2279.9186  1-4 EEL =     16401.7420  VDWAALS    =     -4526.1363
 EELEC  =    -69846.2774  EHBOND  =         0.0000  RESTRAINT  =     65937.1676
 Exray  =     65937.1676  Rwork   =         0.2133  Rfree      =         0.2289
 EAMBER (non-restraint)  =    -42683.9346
 ------------------------------------------------------------------------------

 NMR restraints: Bond =    0.000   Angle =     0.000   Torsion =     0.000
===============================================================================

 NSTEP =     1900   TIME(PS) =      33.800  TEMP(K) =   198.07  PRESS =     0.0
 Etot   =     29831.6968  EKtot   =      6945.6943  EPtot      =     22886.0025
 BOND   =      1301.4308  ANGLE   =      3571.7935  DIHED      =      8013.2535
 1-4 NB =      2301.8270  1-4 EEL =     16416.0395  VDWAALS    =     -4437.0677
 EELEC  =    -70055.1553  EHBOND  =         0.0000  RESTRAINT  =     65773.8812
 Exray  =     65773.8812  Rwork   =         0.2122  Rfree      =         0.2296
 EAMBER (non-restraint)  =    -42887.8787
 ------------------------------------------------------------------------------

 NMR restraints: Bond =    0.000   Angle =     0.000   Torsion =     0.000
===============================================================================

 NSTEP =     2000   TIME(PS) =      34.000  TEMP(K) =   192.10  PRESS =     0.0
 Etot   =     29451.3294  EKtot   =      6736.2109  EPtot      =     22715.1184
 BOND   =      1272.9707  ANGLE   =      3509.2440  DIHED      =      7974.6986
 1-4 NB =      2324.2489  1-4 EEL =     16440.5510  VDWAALS    =     -4345.1770
 EELEC  =    -70328.4294  EHBOND  =         0.0000  RESTRAINT  =     65867.0117
 Exray  =     65867.0117  Rwork   =         0.2140  Rfree      =         0.2279
 EAMBER (non-restraint)  =    -43151.8932
 ------------------------------------------------------------------------------

 NMR restraints: Bond =    0.000   Angle =     0.000   Torsion =     0.000
===============================================================================

 NSTEP =     2100   TIME(PS) =      34.200  TEMP(K) =   188.81  PRESS =     0.0
 Etot   =     28981.7515  EKtot   =      6621.0400  EPtot      =     22360.7115
 BOND   =      1212.7408  ANGLE   =      3478.8212  DIHED      =      7933.3226
 1-4 NB =      2312.8425  1-4 EEL =     16445.7486  VDWAALS    =     -4419.7402
 EELEC  =    -70359.6667  EHBOND  =         0.0000  RESTRAINT  =     65756.6427
 Exray  =     65756.6427  Rwork   =         0.2121  Rfree      =         0.2266
 EAMBER (non-restraint)  =    -43395.9312
 ------------------------------------------------------------------------------

 NMR restraints: Bond =    0.000   Angle =     0.000   Torsion =     0.000
===============================================================================

 NSTEP =     2200   TIME(PS) =      34.400  TEMP(K) =   180.81  PRESS =     0.0
 Etot   =     28566.1942  EKtot   =      6340.5952  EPtot      =     22225.5990
 BOND   =      1212.7621  ANGLE   =      3393.0274  DIHED      =      7935.6892
 1-4 NB =      2319.4682  1-4 EEL =     16388.8658  VDWAALS    =     -4387.5033
 EELEC  =    -70406.6054  EHBOND  =         0.0000  RESTRAINT  =     65769.8948
 Exray  =     65769.8948  Rwork   =         0.2114  Rfree      =         0.2273
 EAMBER (non-restraint)  =    -43544.2959
 ------------------------------------------------------------------------------

 NMR restraints: Bond =    0.000   Angle =     0.000   Torsion =     0.000
===============================================================================

 NSTEP =     2300   TIME(PS) =      34.600  TEMP(K) =   174.22  PRESS =     0.0
 Etot   =     27907.8252  EKtot   =      6109.2930  EPtot      =     21798.5322
 BOND   =      1179.0209  ANGLE   =      3299.6291  DIHED      =      7874.4476
 1-4 NB =      2328.9495  1-4 EEL =     16410.2619  VDWAALS    =     -4455.3621
 EELEC  =    -70575.3258  EHBOND  =         0.0000  RESTRAINT  =     65736.9111
 Exray  =     65736.9111  Rwork   =         0.2117  Rfree      =         0.2276
 EAMBER (non-restraint)  =    -43938.3789
 ------------------------------------------------------------------------------

 NMR restraints: Bond =    0.000   Angle =     0.000   Torsion =     0.000
===============================================================================

 NSTEP =     2400   TIME(PS) =      34.800  TEMP(K) =   168.79  PRESS =     0.0
 Etot   =     27520.5751  EKtot   =      5919.0317  EPtot      =     21601.5434
 BOND   =      1181.6624  ANGLE   =      3212.7109  DIHED      =      7892.2093
 1-4 NB =      2297.2298  1-4 EEL =     16365.0165  VDWAALS    =     -4458.5043
 EELEC  =    -70632.8864  EHBOND  =         0.0000  RESTRAINT  =     65744.1051
 Exray  =     65744.1051  Rwork   =         0.2130  Rfree      =         0.2262
 EAMBER (non-restraint)  =    -44142.5618
 ------------------------------------------------------------------------------

 NMR restraints: Bond =    0.000   Angle =     0.000   Torsion =     0.000
===============================================================================

 NSTEP =     2500   TIME(PS) =      35.000  TEMP(K) =   162.75  PRESS =     0.0
 Etot   =     27094.0521  EKtot   =      5707.3179  EPtot      =     21386.7343
 BOND   =      1162.8986  ANGLE   =      3167.9327  DIHED      =      7889.9766
 1-4 NB =      2284.0362  1-4 EEL =     16396.5991  VDWAALS    =     -4414.5337
 EELEC  =    -70757.9312  EHBOND  =         0.0000  RESTRAINT  =     65657.7561
 Exray  =     65657.7561  Rwork   =         0.2104  Rfree      =         0.2281
 EAMBER (non-restraint)  =    -44271.0218
 ------------------------------------------------------------------------------

 NMR restraints: Bond =    0.000   Angle =     0.000   Torsion =     0.000
===============================================================================

 NSTEP =     2600   TIME(PS) =      35.200  TEMP(K) =   158.56  PRESS =     0.0
 Etot   =     26644.0043  EKtot   =      5560.1846  EPtot      =     21083.8197
 BOND   =      1110.4651  ANGLE   =      3058.0802  DIHED      =      7834.2941
 1-4 NB =      2271.9445  1-4 EEL =     16427.2357  VDWAALS    =     -4308.5371
 EELEC  =    -70996.2890  EHBOND  =         0.0000  RESTRAINT  =     65686.6262
 Exray  =     65686.6262  Rwork   =         0.2120  Rfree      =         0.2250
 EAMBER (non-restraint)  =    -44602.8065
 ------------------------------------------------------------------------------

 NMR restraints: Bond =    0.000   Angle =     0.000   Torsion =     0.000
===============================================================================

 NSTEP =     2700   TIME(PS) =      35.400  TEMP(K) =   152.99  PRESS =     0.0
 Etot   =     26164.1890  EKtot   =      5364.7358  EPtot      =     20799.4532
 BOND   =      1076.0690  ANGLE   =      3048.8525  DIHED      =      7851.0103
 1-4 NB =      2271.3878  1-4 EEL =     16394.6222  VDWAALS    =     -4355.5365
 EELEC  =    -71088.5931  EHBOND  =         0.0000  RESTRAINT  =     65601.6409
 Exray  =     65601.6409  Rwork   =         0.2104  Rfree      =         0.2311
 EAMBER (non-restraint)  =    -44802.1877
 ------------------------------------------------------------------------------

 NMR restraints: Bond =    0.000   Angle =     0.000   Torsion =     0.000
===============================================================================

 NSTEP =     2800   TIME(PS) =      35.600  TEMP(K) =   147.22  PRESS =     0.0
 Etot   =     25800.9112  EKtot   =      5162.6772  EPtot      =     20638.2340
 BOND   =      1040.0234  ANGLE   =      2997.3472  DIHED      =      7837.2785
 1-4 NB =      2252.1120  1-4 EEL =     16399.4518  VDWAALS    =     -4416.6461
 EELEC  =    -71169.1074  EHBOND  =         0.0000  RESTRAINT  =     65697.7746
 Exray  =     65697.7746  Rwork   =         0.2108  Rfree      =         0.2307
 EAMBER (non-restraint)  =    -45059.5407
 ------------------------------------------------------------------------------

 NMR restraints: Bond =    0.000   Angle =     0.000   Torsion =     0.000
===============================================================================

 NSTEP =     2900   TIME(PS) =      35.800  TEMP(K) =   139.56  PRESS =     0.0
 Etot   =     25406.6863  EKtot   =      4893.8218  EPtot      =     20512.8645
 BOND   =       994.8209  ANGLE   =      2966.8307  DIHED      =      7818.0704
 1-4 NB =      2243.7954  1-4 EEL =     16373.0775  VDWAALS    =     -4437.0437
 EELEC  =    -71200.9233  EHBOND  =         0.0000  RESTRAINT  =     65754.2366
 Exray  =     65754.2366  Rwork   =         0.2107  Rfree      =         0.2283
 EAMBER (non-restraint)  =    -45241.3722
 ------------------------------------------------------------------------------

 NMR restraints: Bond =    0.000   Angle =     0.000   Torsion =     0.000
===============================================================================

 NSTEP =     3000   TIME(PS) =      36.000  TEMP(K) =   131.56  PRESS =     0.0
 Etot   =     24731.1404  EKtot   =      4613.2905  EPtot      =     20117.8499
 BOND   =       978.1872  ANGLE   =      2887.9282  DIHED      =      7786.4832
 1-4 NB =      2247.0447  1-4 EEL =     16366.6461  VDWAALS    =     -4331.2611
 EELEC  =    -71438.5444  EHBOND  =         0.0000  RESTRAINT  =     65621.3660
 Exray  =     65621.3660  Rwork   =         0.2104  Rfree      =         0.2266
 EAMBER (non-restraint)  =    -45503.5161
 ------------------------------------------------------------------------------

 NMR restraints: Bond =    0.000   Angle =     0.000   Torsion =     0.000
===============================================================================

 NSTEP =     3100   TIME(PS) =      36.200  TEMP(K) =   125.77  PRESS =     0.0
 Etot   =     24256.7852  EKtot   =      4410.4243  EPtot      =     19846.3608
 BOND   =       945.3813  ANGLE   =      2745.1663  DIHED      =      7762.5928
 1-4 NB =      2255.5119  1-4 EEL =     16462.4486  VDWAALS    =     -4314.2597
 EELEC  =    -71636.8719  EHBOND  =         0.0000  RESTRAINT  =     65626.3915
 Exray  =     65626.3915  Rwork   =         0.2100  Rfree      =         0.2261
 EAMBER (non-restraint)  =    -45780.0306
 ------------------------------------------------------------------------------

 NMR restraints: Bond =    0.000   Angle =     0.000   Torsion =     0.000
===============================================================================

 NSTEP =     3200   TIME(PS) =      36.400  TEMP(K) =   121.87  PRESS =     0.0
 Etot   =     23884.2892  EKtot   =      4273.6587  EPtot      =     19610.6305
 BOND   =       933.2156  ANGLE   =      2731.1362  DIHED      =      7751.0830
 1-4 NB =      2230.7723  1-4 EEL =     16412.3551  VDWAALS    =     -4266.1998
 EELEC  =    -71777.4113  EHBOND  =         0.0000  RESTRAINT  =     65595.6794
 Exray  =     65595.6794  Rwork   =         0.2096  Rfree      =         0.2260
 EAMBER (non-restraint)  =    -45985.0489
 ------------------------------------------------------------------------------

 NMR restraints: Bond =    0.000   Angle =     0.000   Torsion =     0.000
===============================================================================

 NSTEP =     3300   TIME(PS) =      36.600  TEMP(K) =   116.39  PRESS =     0.0
 Etot   =     23438.3990  EKtot   =      4081.3643  EPtot      =     19357.0347
 BOND   =       894.5456  ANGLE   =      2644.7543  DIHED      =      7748.8741
 1-4 NB =      2246.5880  1-4 EEL =     16372.6601  VDWAALS    =     -4227.8454
 EELEC  =    -71906.7100  EHBOND  =         0.0000  RESTRAINT  =     65584.1681
 Exray  =     65584.1681  Rwork   =         0.2096  Rfree      =         0.2298
 EAMBER (non-restraint)  =    -46227.1333
 ------------------------------------------------------------------------------

 NMR restraints: Bond =    0.000   Angle =     0.000   Torsion =     0.000
===============================================================================

 NSTEP =     3400   TIME(PS) =      36.800  TEMP(K) =   109.60  PRESS =     0.0
 Etot   =     23029.4697  EKtot   =      3843.4561  EPtot      =     19186.0136
 BOND   =       893.6394  ANGLE   =      2612.4701  DIHED      =      7706.5475
 1-4 NB =      2249.5493  1-4 EEL =     16371.7393  VDWAALS    =     -4320.4200
 EELEC  =    -71907.1511  EHBOND  =         0.0000  RESTRAINT  =     65579.6391
 Exray  =     65579.6391  Rwork   =         0.2095  Rfree      =         0.2277
 EAMBER (non-restraint)  =    -46393.6255
 ------------------------------------------------------------------------------

 NMR restraints: Bond =    0.000   Angle =     0.000   Torsion =     0.000
===============================================================================

 NSTEP =     3500   TIME(PS) =      37.000  TEMP(K) =   104.13  PRESS =     0.0
 Etot   =     22535.6909  EKtot   =      3651.6687  EPtot      =     18884.0222
 BOND   =       834.2293  ANGLE   =      2498.4358  DIHED      =      7686.8919
 1-4 NB =      2242.6664  1-4 EEL =     16421.9099  VDWAALS    =     -4162.0187
 EELEC  =    -72202.6797  EHBOND  =         0.0000  RESTRAINT  =     65564.5874
 Exray  =     65564.5874  Rwork   =         0.2087  Rfree      =         0.2283
 EAMBER (non-restraint)  =    -46680.5652
 ------------------------------------------------------------------------------

 NMR restraints: Bond =    0.000   Angle =     0.000   Torsion =     0.000
===============================================================================

 NSTEP =     3600   TIME(PS) =      37.200  TEMP(K) =    96.67  PRESS =     0.0
 Etot   =     22016.4320  EKtot   =      3390.0039  EPtot      =     18626.4281
 BOND   =       809.3060  ANGLE   =      2439.9839  DIHED      =      7685.3147
 1-4 NB =      2244.3257  1-4 EEL =     16446.4159  VDWAALS    =     -4255.3390
 EELEC  =    -72309.2785  EHBOND  =         0.0000  RESTRAINT  =     65565.6993
 Exray  =     65565.6993  Rwork   =         0.2093  Rfree      =         0.2264
 EAMBER (non-restraint)  =    -46939.2713
 ------------------------------------------------------------------------------

 NMR restraints: Bond =    0.000   Angle =     0.000   Torsion =     0.000
===============================================================================

 NSTEP =     3700   TIME(PS) =      37.400  TEMP(K) =    91.09  PRESS =     0.0
 Etot   =     21478.7273  EKtot   =      3194.3074  EPtot      =     18284.4199
 BOND   =       759.1342  ANGLE   =      2323.2824  DIHED      =      7660.9583
 1-4 NB =      2218.8104  1-4 EEL =     16504.4366  VDWAALS    =     -4280.1752
 EELEC  =    -72380.7352  EHBOND  =         0.0000  RESTRAINT  =     65478.7085
 Exray  =     65478.7085  Rwork   =         0.2086  Rfree      =         0.2265
 EAMBER (non-restraint)  =    -47194.2885
 ------------------------------------------------------------------------------

 NMR restraints: Bond =    0.000   Angle =     0.000   Torsion =     0.000
===============================================================================

 NSTEP =     3800   TIME(PS) =      37.600  TEMP(K) =    85.48  PRESS =     0.0
 Etot   =     21115.5957  EKtot   =      2997.6521  EPtot      =     18117.9436
 BOND   =       768.8543  ANGLE   =      2322.2914  DIHED      =      7653.7475
 1-4 NB =      2215.1542  1-4 EEL =     16397.7347  VDWAALS    =     -4257.3128
 EELEC  =    -72443.3922  EHBOND  =         0.0000  RESTRAINT  =     65460.8665
 Exray  =     65460.8665  Rwork   =         0.2087  Rfree      =         0.2256
 EAMBER (non-restraint)  =    -47342.9229
 ------------------------------------------------------------------------------

 NMR restraints: Bond =    0.000   Angle =     0.000   Torsion =     0.000
===============================================================================

 NSTEP =     3900   TIME(PS) =      37.800  TEMP(K) =    79.94  PRESS =     0.0
 Etot   =     20653.8936  EKtot   =      2803.3298  EPtot      =     17850.5638
 BOND   =       691.9280  ANGLE   =      2229.7613  DIHED      =      7617.9544
 1-4 NB =      2231.7475  1-4 EEL =     16452.2019  VDWAALS    =     -4246.7261
 EELEC  =    -72540.6050  EHBOND  =         0.0000  RESTRAINT  =     65414.3018
 Exray  =     65414.3018  Rwork   =         0.2072  Rfree      =         0.2277
 EAMBER (non-restraint)  =    -47563.7380
 ------------------------------------------------------------------------------

 NMR restraints: Bond =    0.000   Angle =     0.000   Torsion =     0.000
===============================================================================

 NSTEP =     4000   TIME(PS) =      38.000  TEMP(K) =    72.52  PRESS =     0.0
 Etot   =     20228.3324  EKtot   =      2543.0688  EPtot      =     17685.2636
 BOND   =       708.9695  ANGLE   =      2152.6445  DIHED      =      7614.3879
 1-4 NB =      2203.6591  1-4 EEL =     16441.3574  VDWAALS    =     -4250.8735
 EELEC  =    -72659.8637  EHBOND  =         0.0000  RESTRAINT  =     65474.9825
 Exray  =     65474.9825  Rwork   =         0.2086  Rfree      =         0.2260
 EAMBER (non-restraint)  =    -47789.7189
 ------------------------------------------------------------------------------

 NMR restraints: Bond =    0.000   Angle =     0.000   Torsion =     0.000
===============================================================================

 NSTEP =     4100   TIME(PS) =      38.200  TEMP(K) =    67.29  PRESS =     0.0
 Etot   =     19752.6502  EKtot   =      2359.4958  EPtot      =     17393.1544
 BOND   =       663.9801  ANGLE   =      2078.8818  DIHED      =      7586.5372
 1-4 NB =      2195.8866  1-4 EEL =     16422.7510  VDWAALS    =     -4217.4769
 EELEC  =    -72751.9135  EHBOND  =         0.0000  RESTRAINT  =     65414.5081
 Exray  =     65414.5081  Rwork   =         0.2076  Rfree      =         0.2242
 EAMBER (non-restraint)  =    -48021.3538
 ------------------------------------------------------------------------------

 NMR restraints: Bond =    0.000   Angle =     0.000   Torsion =     0.000
===============================================================================

 NSTEP =     4200   TIME(PS) =      38.400  TEMP(K) =    60.52  PRESS =     0.0
 Etot   =     19214.6340  EKtot   =      2122.1104  EPtot      =     17092.5237
 BOND   =       604.4053  ANGLE   =      2013.9586  DIHED      =      7577.3471
 1-4 NB =      2199.7016  1-4 EEL =     16463.5110  VDWAALS    =     -4228.3226
 EELEC  =    -72896.5603  EHBOND  =         0.0000  RESTRAINT  =     65358.4829
 Exray  =     65358.4829  Rwork   =         0.2077  Rfree      =         0.2258
 EAMBER (non-restraint)  =    -48265.9592
 ------------------------------------------------------------------------------

 NMR restraints: Bond =    0.000   Angle =     0.000   Torsion =     0.000
===============================================================================

 NSTEP =     4300   TIME(PS) =      38.600  TEMP(K) =    53.38  PRESS =     0.0
 Etot   =     18658.1928  EKtot   =      1871.9707  EPtot      =     16786.2221
 BOND   =       598.3354  ANGLE   =      1930.7083  DIHED      =      7552.0356
 1-4 NB =      2207.8841  1-4 EEL =     16444.0447  VDWAALS    =     -4228.9177
 EELEC  =    -72956.8396  EHBOND  =         0.0000  RESTRAINT  =     65238.9713
 Exray  =     65238.9713  Rwork   =         0.2068  Rfree      =         0.2257
 EAMBER (non-restraint)  =    -48452.7493
 ------------------------------------------------------------------------------

 NMR restraints: Bond =    0.000   Angle =     0.000   Torsion =     0.000
===============================================================================

 NSTEP =     4400   TIME(PS) =      38.800  TEMP(K) =    48.55  PRESS =     0.0
 Etot   =     18390.3716  EKtot   =      1702.5228  EPtot      =     16687.8488
 BOND   =       561.9105  ANGLE   =      1901.8204  DIHED      =      7537.6580
 1-4 NB =      2190.2300  1-4 EEL =     16431.1790  VDWAALS    =     -4182.3248
 EELEC  =    -73090.8604  EHBOND  =         0.0000  RESTRAINT  =     65338.2361
 Exray  =     65338.2361  Rwork   =         0.2064  Rfree      =         0.2261
 EAMBER (non-restraint)  =    -48650.3873
 ------------------------------------------------------------------------------

 NMR restraints: Bond =    0.000   Angle =     0.000   Torsion =     0.000
===============================================================================

 NSTEP =     4500   TIME(PS) =      39.000  TEMP(K) =    43.23  PRESS =     0.0
 Etot   =     18050.3038  EKtot   =      1515.9286  EPtot      =     16534.3752
 BOND   =       537.2591  ANGLE   =      1794.1150  DIHED      =      7538.0902
 1-4 NB =      2189.5780  1-4 EEL =     16468.5342  VDWAALS    =     -4236.3085
 EELEC  =    -73123.9913  EHBOND  =         0.0000  RESTRAINT  =     65367.0985
 Exray  =     65367.0985  Rwork   =         0.2060  Rfree      =         0.2270
 EAMBER (non-restraint)  =    -48832.7233
 ------------------------------------------------------------------------------

 NMR restraints: Bond =    0.000   Angle =     0.000   Torsion =     0.000
===============================================================================

 NSTEP =     4600   TIME(PS) =      39.200  TEMP(K) =    37.49  PRESS =     0.0
 Etot   =     17597.1516  EKtot   =      1314.5924  EPtot      =     16282.5592
 BOND   =       524.9920  ANGLE   =      1761.7447  DIHED      =      7501.2638
 1-4 NB =      2186.5118  1-4 EEL =     16446.0783  VDWAALS    =     -4208.7276
 EELEC  =    -73241.1202  EHBOND  =         0.0000  RESTRAINT  =     65311.8165
 Exray  =     65311.8165  Rwork   =         0.2062  Rfree      =         0.2259
 EAMBER (non-restraint)  =    -49029.2573
 ------------------------------------------------------------------------------

 NMR restraints: Bond =    0.000   Angle =     0.000   Torsion =     0.000
===============================================================================

 NSTEP =     4700   TIME(PS) =      39.400  TEMP(K) =    31.44  PRESS =     0.0
 Etot   =     17120.9686  EKtot   =      1102.4819  EPtot      =     16018.4867
 BOND   =       488.0900  ANGLE   =      1674.7216  DIHED      =      7495.6653
 1-4 NB =      2175.5422  1-4 EEL =     16453.5083  VDWAALS    =     -4185.2390
 EELEC  =    -73355.7086  EHBOND  =         0.0000  RESTRAINT  =     65271.9068
 Exray  =     65271.9068  Rwork   =         0.2059  Rfree      =         0.2257
 EAMBER (non-restraint)  =    -49253.4201
 ------------------------------------------------------------------------------

 NMR restraints: Bond =    0.000   Angle =     0.000   Torsion =     0.000
===============================================================================

 NSTEP =     4800   TIME(PS) =      39.600  TEMP(K) =    24.71  PRESS =     0.0
 Etot   =     16630.7721  EKtot   =       866.3829  EPtot      =     15764.3892
 BOND   =       449.8605  ANGLE   =      1615.8422  DIHED      =      7466.4157
 1-4 NB =      2176.5668  1-4 EEL =     16467.7526  VDWAALS    =     -4193.0208
 EELEC  =    -73460.9546  EHBOND  =         0.0000  RESTRAINT  =     65241.9269
 Exray  =     65241.9269  Rwork   =         0.2060  Rfree      =         0.2272
 EAMBER (non-restraint)  =    -49477.5376
 ------------------------------------------------------------------------------

 NMR restraints: Bond =    0.000   Angle =     0.000   Torsion =     0.000
===============================================================================

 NSTEP =     4900   TIME(PS) =      39.800  TEMP(K) =    17.76  PRESS =     0.0
 Etot   =     16118.3709  EKtot   =       622.9095  EPtot      =     15495.4614
 BOND   =       428.5758  ANGLE   =      1533.7262  DIHED      =      7452.7015
 1-4 NB =      2168.3716  1-4 EEL =     16444.4089  VDWAALS    =     -4189.3674
 EELEC  =    -73551.3212  EHBOND  =         0.0000  RESTRAINT  =     65208.3660
 Exray  =     65208.3660  Rwork   =         0.2051  Rfree      =         0.2241
 EAMBER (non-restraint)  =    -49712.9046
 ------------------------------------------------------------------------------

 NMR restraints: Bond =    0.000   Angle =     0.000   Torsion =     0.000
===============================================================================

 NSTEP =     5000   TIME(PS) =      40.000  TEMP(K) =    12.38  PRESS =     0.0
 Etot   =     15738.7222  EKtot   =       434.0412  EPtot      =     15304.6810
 BOND   =       402.7590  ANGLE   =      1468.3591  DIHED      =      7434.3227
 1-4 NB =      2164.3052  1-4 EEL =     16444.4801  VDWAALS    =     -4209.5455
 EELEC  =    -73602.6137  EHBOND  =         0.0000  RESTRAINT  =     65202.6140
 Exray  =     65202.6140  Rwork   =         0.2049  Rfree      =         0.2255
 EAMBER (non-restraint)  =    -49897.9330
 ------------------------------------------------------------------------------

 NMR restraints: Bond =    0.000   Angle =     0.000   Torsion =     0.000
===============================================================================

      A V E R A G E S   O V E R      50 S T E P S


 NSTEP =     5000   TIME(PS) =      40.000  TEMP(K) =   159.71  PRESS =     0.0
 Etot   =     26963.6634  EKtot   =      5600.6851  EPtot      =     21362.9783
 BOND   =      1112.8834  ANGLE   =      3133.1905  DIHED      =      7877.1726
 1-4 NB =      2286.6731  1-4 EEL =     16414.5776  VDWAALS    =     -4371.7938
 EELEC  =    -70847.1825  EHBOND  =         0.0000  RESTRAINT  =     65757.4575
 Exray  =     65202.6140  Rwork   =         0.2049  Rfree      =         0.2255
 EAMBER (non-restraint)  =    -44394.4791
 ------------------------------------------------------------------------------

 NMR restraints: Bond =    0.000   Angle =     0.000   Torsion =     0.000
===============================================================================

      R M S  F L U C T U A T I O N S


 NSTEP =     5000   TIME(PS) =      40.000  TEMP(K) =    86.00  PRESS =     0.0
 Etot   =      6705.2294  EKtot   =      3015.9278  EPtot      =      3690.5592
 BOND   =       421.3806  ANGLE   =       966.0215  DIHED      =       267.4413
 1-4 NB =        77.4104  1-4 EEL =        35.9210  VDWAALS    =       129.1163
 EELEC  =      1756.1018  EHBOND  =         0.0000  RESTRAINT  =       351.4277
 Exray  =     65202.6140  Rwork   =         0.2049  Rfree      =         0.2255
 EAMBER (non-restraint)  =      3339.1315
 ------------------------------------------------------------------------------


 NMR restraints on final step:

--------------------------------------------------------------------------------
   5.  TIMINGS
--------------------------------------------------------------------------------

|  NonSetup CPU Time in Major Routines:
|
|     Routine           Sec        %
|     ------------------------------
|     Nonbond         174.31   99.59
|     Calc ihkl         0.00    0.00
|     Calc dhkl         0.00    0.00
|     Bond              0.00    0.00
|     Angle             0.00    0.00
|     Dihedral          0.00    0.00
|     Shake             0.05    0.03
|     RunMD             0.64    0.36
|     Other             0.02    0.01
|     ------------------------------
|     Total           175.02

|  PME Nonbond Pairlist CPU Time:
|
|     Routine              Sec        %
|     ---------------------------------
|     Set Up Cit           0.00    0.00
|     Build List           0.00    0.00
|     ---------------------------------
|     Total                0.00    0.00

|  PME Direct Force CPU Time:
|
|     Routine              Sec        %
|     ---------------------------------
|     NonBonded Calc       0.00    0.00
|     Exclude Masked       0.00    0.00
|     Other                0.01    0.01
|     ---------------------------------
|     Total                0.01    0.01

|  PME Reciprocal Force CPU Time:
|
|     Routine              Sec        %
|     ---------------------------------
|     1D bspline           0.00    0.00
|     Grid Charges         0.00    0.00
|     Scalar Sum           0.00    0.00
|     Gradient Sum         0.00    0.00
|     FFT                  0.00    0.00
|     ---------------------------------
|     Total                0.00    0.00

|  Final Performance Info:
|     -----------------------------------------------------
|     Average timings for last    1400 steps:
|     Elapsed(s) =      48.88 Per Step(ms) =      34.91
|         ns/day =       4.95   seconds/ns =   17456.07
|
|     Average timings for all steps:
|     Elapsed(s) =     174.99 Per Step(ms) =      35.00
|         ns/day =       4.94   seconds/ns =   17498.77
|     -----------------------------------------------------

|  Setup CPU time:            1.77 seconds
|  NonSetup CPU time:       175.02 seconds
|  Total CPU time:          176.79 seconds     0.05 hours

|  Setup wall time:           2    seconds
|  NonSetup wall time:      175    seconds
|  Total wall time:         177    seconds     0.05 hours
