
          -------------------------------------------------------
          Amber 22 PMEMD                              2022
          -------------------------------------------------------

| PMEMD implementation of SANDER, Release 22

|  Compiled date/time: Tue Nov 21 19:52:11 2023
| Run on 05/02/2024 at 16:44:40

|   Executable path: pmemd.cuda
| Working directory: /home/polina/xray-refinement/4_protocol_run/output/1k33_modeller_saved_split/1K33_1|Chain.B99990034
|          Hostname: bionmr-mom-002

  [-O]verwriting output

File Assignments:
|   MDIN: 1_minimize/minimize.in                                                
|  MDOUT: 1_minimize/minimize.out                                               
| INPCRD: inputs/wbox.rst7                                                      
|   PARM: 0_prepare/wbox.xray.parm7                                             
| RESTRT: 1_minimize/minimize.ncrst                                             
|   REFC: inputs/wbox.rst7                                                      
|  MDVEL: mdvel                                                                 
|   MDEN: mden                                                                  
|  MDCRD: 1_minimize/minimize.nc                                                
| MDINFO: mdinfo                                                                
|  MDFRC: mdfrc                                                                 


 Here is the input file:

Generated by amber_runner                                                      
&cntrl                                                                         
    imin = 1                                                                   
    maxcyc = 500                                                               
    ncyc = 150                                                                 
    ntb = 1                                                                    
    ntr = 0                                                                    
    cut = 8.0                                                                  
/                                                                              


Note: ig = -1. Setting random seed to   990842 based on wallclock time in 
      microseconds.
| irandom = 1, using AMBER's internal random number generator (default).
 
|--------------------- INFORMATION ----------------------
| GPU (CUDA) Version of PMEMD in use: NVIDIA GPU IN USE.
|                    Version 18.0.0
| 
|                      03/25/2018
| 
| Implementation by:
|                    Ross C. Walker     (SDSC)
|                    Scott Le Grand     (nVIDIA)
| 
| Version 18 performance extensions by:
|                    David Cerutti     (Rutgers)
| 
| Precision model in use:
|      [SPFP] - Single Precision Forces, 64-bit Fixed Point
|               Accumulation. (Default)
| 
|--------------------------------------------------------
 
|----------------- CITATION INFORMATION -----------------
|
|    When publishing work that utilized the CUDA version
|    of AMBER, please cite the following in addition to
|    the regular AMBER citations:
|
|  - Romelia Salomon-Ferrer; Andreas W. Goetz; Duncan
|    Poole; Scott Le Grand; Ross C. Walker "Routine
|    microsecond molecular dynamics simulations with
|    AMBER - Part II: Particle Mesh Ewald", J. Chem.
|    Theory Comput., 2013, 9 (9), pp3878-3888,
|    DOI: 10.1021/ct400314y.
|
|  - Andreas W. Goetz; Mark J. Williamson; Dong Xu;
|    Duncan Poole; Scott Le Grand; Ross C. Walker
|    "Routine microsecond molecular dynamics simulations
|    with AMBER - Part I: Generalized Born", J. Chem.
|    Theory Comput., 2012, 8 (5), pp1542-1555.
|
|  - Scott Le Grand; Andreas W. Goetz; Ross C. Walker
|    "SPFP: Speed without compromise - a mixed precision
|    model for GPU accelerated molecular dynamics
|    simulations.", Comp. Phys. Comm., 2013, 184
|    pp374-380, DOI: 10.1016/j.cpc.2012.09.022
|
|--------------------------------------------------------
 
|------------------- GPU DEVICE INFO --------------------
|
|            CUDA_VISIBLE_DEVICES: 0
|   CUDA Capable Devices Detected:      1
|           CUDA Device ID in use:      0
|                CUDA Device Name: NVIDIA GeForce RTX 2080 Ti
|     CUDA Device Global Mem Size:  11019 MB
| CUDA Device Num Multiprocessors:     68
|           CUDA Device Core Freq:   1.54 GHz
|
|--------------------------------------------------------
 
 
| Conditional Compilation Defines Used:
| PUBFFT
| BINTRAJ
| CUDA
| EMIL

| Largest sphere to fit in unit cell has radius =    22.453

| New format PARM file being parsed.
| Version =    1.000 Date = 05/02/24 Time = 16:44:39

| Note: 1-4 EEL scale factors are being read from the topology file.

| Note: 1-4 VDW scale factors are being read from the topology file.
| Duplicated    0 dihedrals

| Duplicated    0 dihedrals

--------------------------------------------------------------------------------
   1.  RESOURCE   USE: 
--------------------------------------------------------------------------------

 getting new box info from bottom of inpcrd
 NATOM  =   15240 NTYPES =      16 NBONH =   10427 MBONA  =    4878
 NTHETH =   10523 MTHETA =    6588 NPHIH =   21926 MPHIA  =   20693
 NHPARM =       0 NPARM  =       0 NNB   =   59455 NRES   =    2519
 NBONA  =    4878 NTHETA =    6588 NPHIA =   20693 NUMBND =      63
 NUMANG =     143 NPTRA  =     189 NATYP =      34 NPHB   =       0
 IFBOX  =       1 NMXRS  =      24 IFCAP =       0 NEXTRA =       0
 NCOPY  =       0

| Coordinate Index Table dimensions:     9    9   13
| Direct force subcell size =     5.7614    5.7614    4.6692

     BOX TYPE: RECTILINEAR

--------------------------------------------------------------------------------
   2.  CONTROL  DATA  FOR  THE  RUN
--------------------------------------------------------------------------------

default_name                                                                    

General flags:
     imin    =       1, nmropt  =       0

Nature and format of input:
     ntx     =       1, irest   =       0, ntrx    =       1

Nature and format of output:
     ntxo    =       2, ntpr    =      50, ntrx    =       1, ntwr    =       1
     iwrap   =       0, ntwx    =       0, ntwv    =       0, ntwe    =       0
     ioutfm  =       1, ntwprt  =       0, idecomp =       0, rbornstat=      0

Potential function:
     ntf     =       1, ntb     =       1, igb     =       0, nsnb    =      25
     ipol    =       0, gbsa    =       0, iesp    =       0
     dielc   =   1.00000, cut     =   8.00000, intdiel =   1.00000

Frozen or restrained atoms:
     ibelly  =       0, ntr     =       0

Energy minimization:
     maxcyc  =     500, ncyc    =     150, ntmin   =       1
     dx0     =   0.01000, drms    =   0.00010

| Intermolecular bonds treatment:
|     no_intermolecular_bonds =       1

| Energy averages sample interval:
|     ene_avg_sampling =       1

Ewald parameters:
     verbose =       0, ew_type =       0, nbflag  =       1, use_pme =       1
     vdwmeth =       1, eedmeth =       1, netfrc  =       0
     Box X =   51.853   Box Y =   51.853   Box Z =   60.700
     Alpha =   90.000   Beta  =   90.000   Gamma =  120.000
     NFFT1 =   56       NFFT2 =   56       NFFT3 =   64
     Cutoff=    8.000   Tol   =0.100E-04
     Ewald Coefficient =  0.34864
     Interpolation order =    4
     Setting ifbox to 3 for non-orthogonal unit cell

--------------------------------------------------------------------------------
   3.  ATOMIC COORDINATES AND VELOCITIES
--------------------------------------------------------------------------------

                                                                                
 begin time read from input coords =     0.000 ps

 
 Number of triangulated 3-point waters found:     1918

     Sum of charges from parm topology file =  -0.00000051
     Forcing neutrality...

| Dynamic Memory, Types Used:
| Reals              460768
| Integers          1457380

| Nonbonded Pairs Initial Allocation:     2545461

| GPU memory information (estimate):
| KB of GPU memory in use:     62308
| KB of CPU memory in use:     37108

--------------------------------------------------------------------------------
   4.  RESULTS
--------------------------------------------------------------------------------



   NSTEP       ENERGY          RMS            GMAX         NAME    NUMBER
      1       5.9960E+07     1.1448E+03     4.0342E+04     CD1      4247

 BOND    =    19183.9654  ANGLE   =     2194.6438  DIHED      =     7337.5520
 VDWAALS = 59951412.9537  EEL     =   -40964.4838  HBOND      =        0.0000
 1-4 VDW =     2909.1794  1-4 EEL =    18034.7081  RESTRAINT  =        0.0000


   NSTEP       ENERGY          RMS            GMAX         NAME    NUMBER
     50      -1.1581E+04     1.8399E+01     1.1554E+03     H1      14825

 BOND    =     3642.8608  ANGLE   =     1580.9902  DIHED      =     7461.9205
 VDWAALS =    11345.5481  EEL     =   -55298.3765  HBOND      =        0.0000
 1-4 VDW =     2663.7188  1-4 EEL =    17022.5659  RESTRAINT  =        0.0000


   NSTEP       ENERGY          RMS            GMAX         NAME    NUMBER
    100      -3.1811E+04     4.6973E+00     3.6227E+02     H1      14825

 BOND    =     1517.8524  ANGLE   =     1445.0069  DIHED      =     7528.3157
 VDWAALS =     2202.2426  EEL     =   -63387.9949  HBOND      =        0.0000
 1-4 VDW =     2285.2184  1-4 EEL =    16598.0801  RESTRAINT  =        0.0000


   NSTEP       ENERGY          RMS            GMAX         NAME    NUMBER
    150      -3.6657E+04     1.4295E+00     3.5097E+01     H1      14825

 BOND    =     1396.3847  ANGLE   =     1408.0080  DIHED      =     7555.2797
 VDWAALS =       28.7571  EEL     =   -65658.7683  HBOND      =        0.0000
 1-4 VDW =     2159.6144  1-4 EEL =    16453.2355  RESTRAINT  =        0.0000


   NSTEP       ENERGY          RMS            GMAX         NAME    NUMBER
    200      -4.2839E+04     3.2589E+00     2.1028E+02     C        8424

 BOND    =     1649.5716  ANGLE   =     1503.7300  DIHED      =     7595.6955
 VDWAALS =    -2442.3363  EEL     =   -69439.5765  HBOND      =        0.0000
 1-4 VDW =     1982.2679  1-4 EEL =    16312.1355  RESTRAINT  =        0.0000


   NSTEP       ENERGY          RMS            GMAX         NAME    NUMBER
    250      -4.4545E+04     2.5564E+00     1.1053E+02     OXT      8426

 BOND    =     1550.2783  ANGLE   =     1459.5106  DIHED      =     7551.3649
 VDWAALS =    -3047.8068  EEL     =   -70296.2040  HBOND      =        0.0000
 1-4 VDW =     1974.5312  1-4 EEL =    16262.9933  RESTRAINT  =        0.0000


   NSTEP       ENERGY          RMS            GMAX         NAME    NUMBER
    300      -4.5499E+04     1.9582E+00     1.3223E+02     CD       6239

 BOND    =     1527.5415  ANGLE   =     1416.5098  DIHED      =     7533.6640
 VDWAALS =    -3265.3182  EEL     =   -70937.1609  HBOND      =        0.0000
 1-4 VDW =     1967.8809  1-4 EEL =    16257.4981  RESTRAINT  =        0.0000


   NSTEP       ENERGY          RMS            GMAX         NAME    NUMBER
    350      -4.6148E+04     1.5339E+00     6.6817E+01     OXT      8426

 BOND    =     1515.6382  ANGLE   =     1386.9954  DIHED      =     7520.8687
 VDWAALS =    -3381.3004  EEL     =   -71407.7964  HBOND      =        0.0000
 1-4 VDW =     1962.6236  1-4 EEL =    16255.1249  RESTRAINT  =        0.0000


   NSTEP       ENERGY          RMS            GMAX         NAME    NUMBER
    400      -4.6638E+04     1.4483E+00     6.0010E+01     OXT      8426

 BOND    =     1521.0288  ANGLE   =     1371.0577  DIHED      =     7512.9119
 VDWAALS =    -3464.4698  EEL     =   -71787.9383  HBOND      =        0.0000
 1-4 VDW =     1958.8812  1-4 EEL =    16250.5972  RESTRAINT  =        0.0000


   NSTEP       ENERGY          RMS            GMAX         NAME    NUMBER
    450      -4.7035E+04     1.2962E+00     5.9076E+01     C        8424

 BOND    =     1524.2041  ANGLE   =     1359.5729  DIHED      =     7509.7091
 VDWAALS =    -3525.5093  EEL     =   -72104.0214  HBOND      =        0.0000
 1-4 VDW =     1955.6893  1-4 EEL =    16244.9335  RESTRAINT  =        0.0000


   NSTEP       ENERGY          RMS            GMAX         NAME    NUMBER
    500      -4.7359E+04     1.1852E+00     5.6296E+01     C        8424

 BOND    =     1529.3321  ANGLE   =     1351.6362  DIHED      =     7510.2390
 VDWAALS =    -3568.9596  EEL     =   -72371.0658  HBOND      =        0.0000
 1-4 VDW =     1952.8195  1-4 EEL =    16237.1649  RESTRAINT  =        0.0000


  Maximum number of minimization cycles reached.


                    FINAL RESULTS



   NSTEP       ENERGY          RMS            GMAX         NAME    NUMBER
    500      -4.7359E+04     1.1852E+00     5.6296E+01     C        8424

 BOND    =     1529.3321  ANGLE   =     1351.6362  DIHED      =     7510.2390
 VDWAALS =    -3568.9596  EEL     =   -72371.0658  HBOND      =        0.0000
 1-4 VDW =     1952.8195  1-4 EEL =    16237.1649  RESTRAINT  =        0.0000
--------------------------------------------------------------------------------
   5.  TIMINGS
--------------------------------------------------------------------------------

|  NonSetup CPU Time in Major Routines:
|
|     Routine           Sec        %
|     ------------------------------
|     Nonbond           0.15   19.70
|     Bond              0.00    0.00
|     Angle             0.00    0.00
|     Dihedral          0.00    0.00
|     Shake             0.00    0.00
|     Other             0.62   80.30
|     ------------------------------
|     Total             0.78

|  PME Nonbond Pairlist CPU Time:
|
|     Routine              Sec        %
|     ---------------------------------
|     Set Up Cit           0.00    0.00
|     Build List           0.00    0.00
|     ---------------------------------
|     Total                0.00    0.00

|  PME Direct Force CPU Time:
|
|     Routine              Sec        %
|     ---------------------------------
|     NonBonded Calc       0.00    0.00
|     Exclude Masked       0.00    0.00
|     Other                0.00    0.18
|     ---------------------------------
|     Total                0.00    0.18

|  PME Reciprocal Force CPU Time:
|
|     Routine              Sec        %
|     ---------------------------------
|     1D bspline           0.00    0.00
|     Grid Charges         0.00    0.00
|     Scalar Sum           0.00    0.00
|     Gradient Sum         0.00    0.00
|     FFT                  0.00    0.00
|     ---------------------------------
|     Total                0.00    0.00

|  Setup CPU time:            1.48 seconds
|  NonSetup CPU time:         0.78 seconds
|  Total CPU time:            2.25 seconds     0.00 hours

|  Setup wall time:           2    seconds
|  NonSetup wall time:        0    seconds
|  Total wall time:           2    seconds     0.00 hours
