
          -------------------------------------------------------
          Amber 22 PMEMD                              2022
          -------------------------------------------------------

| PMEMD implementation of SANDER, Release 22

|  Compiled date/time: Tue Nov 21 19:52:11 2023
| Run on 05/02/2024 at 16:44:49

|   Executable path: pmemd.cuda
| Working directory: /home/polina/xray-refinement/4_protocol_run/output/1k33_modeller_saved_split/1K33_1|Chain.B99990034
|          Hostname: bionmr-mom-002

  [-O]verwriting output

File Assignments:
|   MDIN: 3_evolution/evolution.in                                              
|  MDOUT: 3_evolution/evolution.out                                             
| INPCRD: 2_heating/heating.ncrst                                               
|   PARM: 0_prepare/wbox.xray.parm7                                             
| RESTRT: 3_evolution/evolution.ncrst                                           
|   REFC: inputs/wbox.rst7                                                      
|  MDVEL: mdvel                                                                 
|   MDEN: mden                                                                  
|  MDCRD: 3_evolution/evolution.nc                                              
| MDINFO: mdinfo                                                                
|  MDFRC: mdfrc                                                                 


 Here is the input file:

Generated by amber_runner                                                      
&cntrl                                                                         
    imin = 0                                                                   
    irest = 1                                                                  
    ntx = 5                                                                    
    iwrap = 1                                                                  
    ntb = 1                                                                    
    ntt = 3                                                                    
    gamma_ln = 3.0                                                             
    ig = -1                                                                    
    tempi = 298.0                                                              
    temp0 = 298.0                                                              
    ntp = 0                                                                    
    pres0 = 1.0                                                                
    taup = 2.0                                                                 
    cut = 8.0                                                                  
    ntr = 0                                                                    
    ntc = 2                                                                    
    ntf = 2                                                                    
    nstlim = 5000                                                              
    nscm = 100                                                                 
    dt = 0.002                                                                 
    ntpr = 100                                                                 
    ntwx = 100                                                                 
    ntwr = 5000                                                                
    ioutfm = 1                                                                 
/                                                                              
                                                                               
&xray                                                                          
    spacegroup_name = 'P1'                                                     
    pdb_infile = 'inputs/wbox.pdb'                                             
    pdb_read_coordinates = .false.                                             
    reflection_infile = '0_prepare/sf.dat'                                     
    atom_selection_mask = ':1-594'                                             
    xray_weight_initial = 0.0                                                  
    xray_weight_final = 1.0                                                    
    target = 'ml'                                                              
    bulk_solvent_model = 'afonine-2013'                                        
/                                                                              


Note: ig = -1. Setting random seed to   230570 based on wallclock time in 
      microseconds.
| irandom = 1, using AMBER's internal random number generator (default).
 
|--------------------- INFORMATION ----------------------
| GPU (CUDA) Version of PMEMD in use: NVIDIA GPU IN USE.
|                    Version 18.0.0
| 
|                      03/25/2018
| 
| Implementation by:
|                    Ross C. Walker     (SDSC)
|                    Scott Le Grand     (nVIDIA)
| 
| Version 18 performance extensions by:
|                    David Cerutti     (Rutgers)
| 
| Precision model in use:
|      [SPFP] - Single Precision Forces, 64-bit Fixed Point
|               Accumulation. (Default)
| 
|--------------------------------------------------------
 
|----------------- CITATION INFORMATION -----------------
|
|    When publishing work that utilized the CUDA version
|    of AMBER, please cite the following in addition to
|    the regular AMBER citations:
|
|  - Romelia Salomon-Ferrer; Andreas W. Goetz; Duncan
|    Poole; Scott Le Grand; Ross C. Walker "Routine
|    microsecond molecular dynamics simulations with
|    AMBER - Part II: Particle Mesh Ewald", J. Chem.
|    Theory Comput., 2013, 9 (9), pp3878-3888,
|    DOI: 10.1021/ct400314y.
|
|  - Andreas W. Goetz; Mark J. Williamson; Dong Xu;
|    Duncan Poole; Scott Le Grand; Ross C. Walker
|    "Routine microsecond molecular dynamics simulations
|    with AMBER - Part I: Generalized Born", J. Chem.
|    Theory Comput., 2012, 8 (5), pp1542-1555.
|
|  - Scott Le Grand; Andreas W. Goetz; Ross C. Walker
|    "SPFP: Speed without compromise - a mixed precision
|    model for GPU accelerated molecular dynamics
|    simulations.", Comp. Phys. Comm., 2013, 184
|    pp374-380, DOI: 10.1016/j.cpc.2012.09.022
|
|--------------------------------------------------------
 
|------------------- GPU DEVICE INFO --------------------
|
|            CUDA_VISIBLE_DEVICES: 0
|   CUDA Capable Devices Detected:      1
|           CUDA Device ID in use:      0
|                CUDA Device Name: NVIDIA GeForce RTX 2080 Ti
|     CUDA Device Global Mem Size:  11019 MB
| CUDA Device Num Multiprocessors:     68
|           CUDA Device Core Freq:   1.54 GHz
|
|--------------------------------------------------------
 
 
| Conditional Compilation Defines Used:
| PUBFFT
| BINTRAJ
| CUDA
| EMIL

| Largest sphere to fit in unit cell has radius =    22.453

| New format PARM file being parsed.
| Version =    1.000 Date = 05/02/24 Time = 16:44:39

| Note: 1-4 EEL scale factors are being read from the topology file.

| Note: 1-4 VDW scale factors are being read from the topology file.
| Duplicated    0 dihedrals

| Duplicated    0 dihedrals

--------------------------------------------------------------------------------
   1.  RESOURCE   USE: 
--------------------------------------------------------------------------------

 getting box info from netcdf restart file
 NATOM  =   15240 NTYPES =      16 NBONH =   10427 MBONA  =    4878
 NTHETH =   10523 MTHETA =    6588 NPHIH =   21926 MPHIA  =   20693
 NHPARM =       0 NPARM  =       0 NNB   =   59455 NRES   =    2519
 NBONA  =    4878 NTHETA =    6588 NPHIA =   20693 NUMBND =      63
 NUMANG =     143 NPTRA  =     189 NATYP =      34 NPHB   =       0
 IFBOX  =       1 NMXRS  =      24 IFCAP =       0 NEXTRA =       0
 NCOPY  =       0

 XRAY_SYMMETRY_TYPE not found in PRMTOP file; assuming P1
| Coordinate Index Table dimensions:     9    9   13
| Direct force subcell size =     5.7614    5.7614    4.6692

     BOX TYPE: RECTILINEAR

--------------------------------------------------------------------------------
   2.  CONTROL  DATA  FOR  THE  RUN
--------------------------------------------------------------------------------

default_name                                                                    

General flags:
     imin    =       0, nmropt  =       0

Nature and format of input:
     ntx     =       5, irest   =       1, ntrx    =       1

Nature and format of output:
     ntxo    =       2, ntpr    =     100, ntrx    =       1, ntwr    =    5000
     iwrap   =       1, ntwx    =     100, ntwv    =       0, ntwe    =       0
     ioutfm  =       1, ntwprt  =       0, idecomp =       0, rbornstat=      0

Potential function:
     ntf     =       2, ntb     =       1, igb     =       0, nsnb    =      25
     ipol    =       0, gbsa    =       0, iesp    =       0
     dielc   =   1.00000, cut     =   8.00000, intdiel =   1.00000

Frozen or restrained atoms:
     ibelly  =       0, ntr     =       0

Molecular dynamics:
     nstlim  =      5000, nscm    =       100, nrespa  =         1
     t       =   0.00000, dt      =   0.00200, vlimit  =  -1.00000

Langevin dynamics temperature regulation:
     ig      =  230570
     temp0   = 298.00000, tempi   = 298.00000, gamma_ln=   3.00000

SHAKE:
     ntc     =       2, jfastw  =       0
     tol     =   0.00001

| Intermolecular bonds treatment:
|     no_intermolecular_bonds =       1

| Energy averages sample interval:
|     ene_avg_sampling =     100

Ewald parameters:
     verbose =       0, ew_type =       0, nbflag  =       1, use_pme =       1
     vdwmeth =       1, eedmeth =       1, netfrc  =       1
     Box X =   51.853   Box Y =   51.853   Box Z =   60.700
     Alpha =   90.000   Beta  =   90.000   Gamma =  120.000
     NFFT1 =   56       NFFT2 =   56       NFFT3 =   64
     Cutoff=    8.000   Tol   =0.100E-04
     Ewald Coefficient =  0.34864
     Interpolation order =    4

X-ray Refinement Parameters:
     PDB InFile: inputs/wbox.pdb
     PDB Read Coordinates: F
     PDB Use SegID: F
     PDB Wrap Names: F
     Spacegroup: P 1
     Reflection InFile: 0_prepare/sf.dat
     X-ray weights:  0.000E+00 ...  0.100E+01
     Use target: ml  
     Scale update Interval:   100
     Solvent Mask Update Interval:   100
     Solvent scale:   0.350, B-factor:  46.000
     Atom Selection Mask: :1-594
     Setting ifbox to 3 for non-orthogonal unit cell

--------------------------------------------------------------------------------
   3.  ATOMIC COORDINATES AND VELOCITIES
--------------------------------------------------------------------------------

default_name                                                                    
 begin time read from input coords =    20.000 ps

 
PDB: All atoms read successfully.
XRAY: UNIT CELL=    51.853   51.853   60.700  90.00  90.00 120.00
Found   9479 atoms in :1-594;                                                                                                                                                                                                                                                         
 atomic size       18380           6
 Number of triangulated 3-point waters found:     1918

     Sum of charges from parm topology file =  -0.00000051
     Forcing neutrality...

| Dynamic Memory, Types Used:
| Reals              511161
| Integers          1506876

| Nonbonded Pairs Initial Allocation:     2545461

| GPU memory information (estimate):
| KB of GPU memory in use:    108062
| KB of CPU memory in use:     37070

--------------------------------------------------------------------------------
   4.  RESULTS
--------------------------------------------------------------------------------


 NSTEP =      100   TIME(PS) =      20.200  TEMP(K) =   309.05  PRESS =     0.0
 Etot   =    -25631.2686  EKtot   =     10837.3535  EPtot      =    -36468.6221
 BOND   =      1753.8845  ANGLE   =      4742.0383  DIHED      =      8503.5568
 1-4 NB =      2264.6256  1-4 EEL =     16100.5564  VDWAALS    =     -4471.2753
 EELEC  =    -66789.6657  EHBOND  =         0.0000  RESTRAINT  =      1427.6573
 Exray  =      1427.6573  Rwork   =         0.3135  Rfree      =         0.2984
 EAMBER (non-restraint)  =    -37896.2794
 ------------------------------------------------------------------------------


 NSTEP =      200   TIME(PS) =      20.400  TEMP(K) =   304.08  PRESS =     0.0
 Etot   =    -24609.3521  EKtot   =     10663.0498  EPtot      =    -35272.4019
 BOND   =      1739.8540  ANGLE   =      4771.0843  DIHED      =      8442.0187
 1-4 NB =      2278.1873  1-4 EEL =     16099.5442  VDWAALS    =     -4451.0321
 EELEC  =    -67025.1279  EHBOND  =         0.0000  RESTRAINT  =      2873.0696
 Exray  =      2873.0696  Rwork   =         0.3182  Rfree      =         0.3054
 EAMBER (non-restraint)  =    -38145.4715
 ------------------------------------------------------------------------------


 NSTEP =      300   TIME(PS) =      20.600  TEMP(K) =   303.87  PRESS =     0.0
 Etot   =    -23435.0054  EKtot   =     10655.9639  EPtot      =    -34090.9692
 BOND   =      1809.3161  ANGLE   =      4764.3908  DIHED      =      8396.1747
 1-4 NB =      2221.4402  1-4 EEL =     16128.0603  VDWAALS    =     -4426.7381
 EELEC  =    -67295.4720  EHBOND  =         0.0000  RESTRAINT  =      4311.8588
 Exray  =      4311.8588  Rwork   =         0.3140  Rfree      =         0.3073
 EAMBER (non-restraint)  =    -38402.8280
 ------------------------------------------------------------------------------


 NSTEP =      400   TIME(PS) =      20.800  TEMP(K) =   299.38  PRESS =     0.0
 Etot   =    -22277.2231  EKtot   =     10498.1885  EPtot      =    -32775.4116
 BOND   =      1803.8597  ANGLE   =      4834.6909  DIHED      =      8417.2693
 1-4 NB =      2211.2721  1-4 EEL =     16118.6856  VDWAALS    =     -4632.1206
 EELEC  =    -67245.4042  EHBOND  =         0.0000  RESTRAINT  =      5716.3357
 Exray  =      5716.3357  Rwork   =         0.3022  Rfree      =         0.2968
 EAMBER (non-restraint)  =    -38491.7473
 ------------------------------------------------------------------------------


 NSTEP =      500   TIME(PS) =      21.000  TEMP(K) =   302.17  PRESS =     0.0
 Etot   =    -20842.4780  EKtot   =     10596.1191  EPtot      =    -31438.5971
 BOND   =      1819.8825  ANGLE   =      4867.7808  DIHED      =      8391.4169
 1-4 NB =      2261.2994  1-4 EEL =     16124.6371  VDWAALS    =     -4553.8664
 EELEC  =    -67468.2818  EHBOND  =         0.0000  RESTRAINT  =      7118.5343
 Exray  =      7118.5343  Rwork   =         0.2989  Rfree      =         0.2943
 EAMBER (non-restraint)  =    -38557.1314
 ------------------------------------------------------------------------------


 NSTEP =      600   TIME(PS) =      21.200  TEMP(K) =   301.17  PRESS =     0.0
 Etot   =    -19642.0331  EKtot   =     10561.2354  EPtot      =    -30203.2685
 BOND   =      1861.6648  ANGLE   =      4776.4665  DIHED      =      8406.5215
 1-4 NB =      2243.8504  1-4 EEL =     16121.6276  VDWAALS    =     -4543.7542
 EELEC  =    -67587.4219  EHBOND  =         0.0000  RESTRAINT  =      8517.7769
 Exray  =      8517.7769  Rwork   =         0.2937  Rfree      =         0.2845
 EAMBER (non-restraint)  =    -38721.0454
 ------------------------------------------------------------------------------


 NSTEP =      700   TIME(PS) =      21.400  TEMP(K) =   302.64  PRESS =     0.0
 Etot   =    -18361.6284  EKtot   =     10612.5166  EPtot      =    -28974.1450
 BOND   =      1754.6664  ANGLE   =      4748.9177  DIHED      =      8448.6692
 1-4 NB =      2255.2517  1-4 EEL =     16138.2555  VDWAALS    =     -4497.2898
 EELEC  =    -67690.5726  EHBOND  =         0.0000  RESTRAINT  =      9867.9569
 Exray  =      9867.9569  Rwork   =         0.2842  Rfree      =         0.2751
 EAMBER (non-restraint)  =    -38842.1018
 ------------------------------------------------------------------------------

wrapping first mol.:        0.00000        0.00000       60.70000

 NSTEP =      800   TIME(PS) =      21.600  TEMP(K) =   303.39  PRESS =     0.0
 Etot   =    -16915.7206  EKtot   =     10639.1387  EPtot      =    -27554.8593
 BOND   =      1770.8857  ANGLE   =      4898.9354  DIHED      =      8371.1230
 1-4 NB =      2247.3603  1-4 EEL =     16134.5789  VDWAALS    =     -4398.9420
 EELEC  =    -67805.8909  EHBOND  =         0.0000  RESTRAINT  =     11227.0903
 Exray  =     11227.0903  Rwork   =         0.2791  Rfree      =         0.2715
 EAMBER (non-restraint)  =    -38781.9496
 ------------------------------------------------------------------------------

wrapping first mol.:        0.00000        0.00000       60.70000

 NSTEP =      900   TIME(PS) =      21.800  TEMP(K) =   302.76  PRESS =     0.0
 Etot   =    -15559.0842  EKtot   =     10617.0029  EPtot      =    -26176.0871
 BOND   =      1804.5209  ANGLE   =      4903.4253  DIHED      =      8345.9290
 1-4 NB =      2271.2823  1-4 EEL =     16134.4375  VDWAALS    =     -4551.1398
 EELEC  =    -67675.5763  EHBOND  =         0.0000  RESTRAINT  =     12591.0340
 Exray  =     12591.0340  Rwork   =         0.2765  Rfree      =         0.2666
 EAMBER (non-restraint)  =    -38767.1211
 ------------------------------------------------------------------------------

wrapping first mol.:        0.00000        0.00000       60.70000

 NSTEP =     1000   TIME(PS) =      22.000  TEMP(K) =   297.84  PRESS =     0.0
 Etot   =    -14359.1888  EKtot   =     10444.2451  EPtot      =    -24803.4339
 BOND   =      1814.1085  ANGLE   =      4840.5011  DIHED      =      8424.6596
 1-4 NB =      2266.9263  1-4 EEL =     16282.3347  VDWAALS    =     -4602.9504
 EELEC  =    -67764.8542  EHBOND  =         0.0000  RESTRAINT  =     13935.8404
 Exray  =     13935.8404  Rwork   =         0.2691  Rfree      =         0.2600
 EAMBER (non-restraint)  =    -38739.2743
 ------------------------------------------------------------------------------

wrapping first mol.:        0.00000        0.00000       60.70000

 NSTEP =     1100   TIME(PS) =      22.200  TEMP(K) =   299.21  PRESS =     0.0
 Etot   =    -13162.2120  EKtot   =     10492.4092  EPtot      =    -23654.6212
 BOND   =      1838.3142  ANGLE   =      4835.4071  DIHED      =      8363.6658
 1-4 NB =      2291.0753  1-4 EEL =     16114.5410  VDWAALS    =     -4495.7948
 EELEC  =    -67860.4279  EHBOND  =         0.0000  RESTRAINT  =     15258.5982
 Exray  =     15258.5982  Rwork   =         0.2671  Rfree      =         0.2665
 EAMBER (non-restraint)  =    -38913.2194
 ------------------------------------------------------------------------------


 NSTEP =     1200   TIME(PS) =      22.400  TEMP(K) =   296.31  PRESS =     0.0
 Etot   =    -11996.1938  EKtot   =     10390.5479  EPtot      =    -22386.7416
 BOND   =      1855.7945  ANGLE   =      4761.1350  DIHED      =      8302.3017
 1-4 NB =      2257.6490  1-4 EEL =     16176.3517  VDWAALS    =     -4583.6753
 EELEC  =    -67773.1696  EHBOND  =         0.0000  RESTRAINT  =     16616.8714
 Exray  =     16616.8714  Rwork   =         0.2611  Rfree      =         0.2568
 EAMBER (non-restraint)  =    -39003.6131
 ------------------------------------------------------------------------------


 NSTEP =     1300   TIME(PS) =      22.600  TEMP(K) =   299.27  PRESS =     0.0
 Etot   =    -10567.6946  EKtot   =     10494.3389  EPtot      =    -21062.0334
 BOND   =      1793.8738  ANGLE   =      4839.1033  DIHED      =      8336.7611
 1-4 NB =      2272.3217  1-4 EEL =     16182.4188  VDWAALS    =     -4526.5671
 EELEC  =    -67939.5890  EHBOND  =         0.0000  RESTRAINT  =     17979.6441
 Exray  =     17979.6441  Rwork   =         0.2626  Rfree      =         0.2602
 EAMBER (non-restraint)  =    -39041.6775
 ------------------------------------------------------------------------------

wrapping first mol.:        0.00000        0.00000       60.70000

 NSTEP =     1400   TIME(PS) =      22.800  TEMP(K) =   295.22  PRESS =     0.0
 Etot   =     -9291.4066  EKtot   =     10352.3115  EPtot      =    -19643.7181
 BOND   =      1746.0913  ANGLE   =      4863.5499  DIHED      =      8371.7932
 1-4 NB =      2278.0744  1-4 EEL =     16211.8524  VDWAALS    =     -4552.8129
 EELEC  =    -67880.4840  EHBOND  =         0.0000  RESTRAINT  =     19318.2177
 Exray  =     19318.2177  Rwork   =         0.2598  Rfree      =         0.2588
 EAMBER (non-restraint)  =    -38961.9357
 ------------------------------------------------------------------------------

wrapping first mol.:        0.00000        0.00000       60.70000

 NSTEP =     1500   TIME(PS) =      23.000  TEMP(K) =   298.11  PRESS =     0.0
 Etot   =     -8072.3950  EKtot   =     10453.9590  EPtot      =    -18526.3540
 BOND   =      1729.0182  ANGLE   =      4710.5737  DIHED      =      8334.7937
 1-4 NB =      2248.7979  1-4 EEL =     16232.8729  VDWAALS    =     -4525.1255
 EELEC  =    -67909.7656  EHBOND  =         0.0000  RESTRAINT  =     20652.4807
 Exray  =     20652.4807  Rwork   =         0.2569  Rfree      =         0.2535
 EAMBER (non-restraint)  =    -39178.8347
 ------------------------------------------------------------------------------

wrapping first mol.:        0.00000        0.00000       60.70000

 NSTEP =     1600   TIME(PS) =      23.200  TEMP(K) =   296.90  PRESS =     0.0
 Etot   =     -6853.3714  EKtot   =     10411.3496  EPtot      =    -17264.7210
 BOND   =      1802.7805  ANGLE   =      4736.2779  DIHED      =      8314.1534
 1-4 NB =      2271.1416  1-4 EEL =     16286.5386  VDWAALS    =     -4512.3422
 EELEC  =    -68112.3650  EHBOND  =         0.0000  RESTRAINT  =     21949.0942
 Exray  =     21949.0942  Rwork   =         0.2535  Rfree      =         0.2562
 EAMBER (non-restraint)  =    -39213.8153
 ------------------------------------------------------------------------------

wrapping first mol.:        0.00000        0.00000       60.70000

 NSTEP =     1700   TIME(PS) =      23.400  TEMP(K) =   298.15  PRESS =     0.0
 Etot   =     -5405.9255  EKtot   =     10455.3350  EPtot      =    -15861.2605
 BOND   =      1752.1061  ANGLE   =      4741.3347  DIHED      =      8337.3824
 1-4 NB =      2293.3858  1-4 EEL =     16192.5000  VDWAALS    =     -4533.9248
 EELEC  =    -67991.2478  EHBOND  =         0.0000  RESTRAINT  =     23347.2032
 Exray  =     23347.2032  Rwork   =         0.2542  Rfree      =         0.2536
 EAMBER (non-restraint)  =    -39208.4636
 ------------------------------------------------------------------------------

wrapping first mol.:        0.00000        0.00000       60.70000

 NSTEP =     1800   TIME(PS) =      23.600  TEMP(K) =   299.58  PRESS =     0.0
 Etot   =     -4031.9949  EKtot   =     10505.5283  EPtot      =    -14537.5232
 BOND   =      1824.3638  ANGLE   =      4723.1587  DIHED      =      8374.6911
 1-4 NB =      2294.6735  1-4 EEL =     16231.2074  VDWAALS    =     -4371.1759
 EELEC  =    -68229.0107  EHBOND  =         0.0000  RESTRAINT  =     24614.5689
 Exray  =     24614.5689  Rwork   =         0.2501  Rfree      =         0.2493
 EAMBER (non-restraint)  =    -39152.0922
 ------------------------------------------------------------------------------

wrapping first mol.:        0.00000        0.00000       60.70000

 NSTEP =     1900   TIME(PS) =      23.800  TEMP(K) =   295.93  PRESS =     0.0
 Etot   =     -2692.0865  EKtot   =     10377.3662  EPtot      =    -13069.4528
 BOND   =      1830.5841  ANGLE   =      4810.7754  DIHED      =      8322.6209
 1-4 NB =      2300.2161  1-4 EEL =     16216.8613  VDWAALS    =     -4508.8819
 EELEC  =    -68041.4162  EHBOND  =         0.0000  RESTRAINT  =     25999.7875
 Exray  =     25999.7875  Rwork   =         0.2501  Rfree      =         0.2525
 EAMBER (non-restraint)  =    -39069.2403
 ------------------------------------------------------------------------------

wrapping first mol.:        0.00000        0.00000       60.70000

 NSTEP =     2000   TIME(PS) =      24.000  TEMP(K) =   297.51  PRESS =     0.0
 Etot   =     -1422.0228  EKtot   =     10432.6387  EPtot      =    -11854.6614
 BOND   =      1757.7846  ANGLE   =      4840.4201  DIHED      =      8342.4203
 1-4 NB =      2310.7597  1-4 EEL =     16163.4706  VDWAALS    =     -4387.5135
 EELEC  =    -68165.9714  EHBOND  =         0.0000  RESTRAINT  =     27283.9682
 Exray  =     27283.9682  Rwork   =         0.2469  Rfree      =         0.2468
 EAMBER (non-restraint)  =    -39138.6296
 ------------------------------------------------------------------------------

wrapping first mol.:        0.00000        0.00000       60.70000

 NSTEP =     2100   TIME(PS) =      24.200  TEMP(K) =   296.74  PRESS =     0.0
 Etot   =       -75.0403  EKtot   =     10405.8125  EPtot      =    -10480.8528
 BOND   =      1792.7792  ANGLE   =      4806.4411  DIHED      =      8314.1394
 1-4 NB =      2283.7205  1-4 EEL =     16300.1362  VDWAALS    =     -4422.3105
 EELEC  =    -68183.2413  EHBOND  =         0.0000  RESTRAINT  =     28627.4826
 Exray  =     28627.4826  Rwork   =         0.2469  Rfree      =         0.2508
 EAMBER (non-restraint)  =    -39108.3355
 ------------------------------------------------------------------------------

wrapping first mol.:        0.00000        0.00000       60.70000

 NSTEP =     2200   TIME(PS) =      24.400  TEMP(K) =   298.92  PRESS =     0.0
 Etot   =      1374.2038  EKtot   =     10482.1104  EPtot      =     -9107.9066
 BOND   =      1813.9921  ANGLE   =      4763.1014  DIHED      =      8337.3124
 1-4 NB =      2307.1530  1-4 EEL =     16306.7229  VDWAALS    =     -4496.0540
 EELEC  =    -68075.9813  EHBOND  =         0.0000  RESTRAINT  =     29935.8468
 Exray  =     29935.8468  Rwork   =         0.2435  Rfree      =         0.2457
 EAMBER (non-restraint)  =    -39043.7534
 ------------------------------------------------------------------------------

wrapping first mol.:        0.00000        0.00000       60.70000

 NSTEP =     2300   TIME(PS) =      24.600  TEMP(K) =   295.81  PRESS =     0.0
 Etot   =      2565.1730  EKtot   =     10373.1982  EPtot      =     -7808.0252
 BOND   =      1762.9932  ANGLE   =      4737.5177  DIHED      =      8342.3737
 1-4 NB =      2349.8887  1-4 EEL =     16363.2181  VDWAALS    =     -4499.9210
 EELEC  =    -68061.9057  EHBOND  =         0.0000  RESTRAINT  =     31197.8101
 Exray  =     31197.8101  Rwork   =         0.2424  Rfree      =         0.2437
 EAMBER (non-restraint)  =    -39005.8353
 ------------------------------------------------------------------------------

wrapping first mol.:        0.00000        0.00000       60.70000

 NSTEP =     2400   TIME(PS) =      24.800  TEMP(K) =   301.88  PRESS =     0.0
 Etot   =      4020.6482  EKtot   =     10585.9219  EPtot      =     -6565.2737
 BOND   =      1796.0454  ANGLE   =      4840.7518  DIHED      =      8320.3810
 1-4 NB =      2336.5143  1-4 EEL =     16296.5613  VDWAALS    =     -4465.8353
 EELEC  =    -68238.4832  EHBOND  =         0.0000  RESTRAINT  =     32548.7910
 Exray  =     32548.7910  Rwork   =         0.2421  Rfree      =         0.2476
 EAMBER (non-restraint)  =    -39114.0647
 ------------------------------------------------------------------------------

wrapping first mol.:        0.00000        0.00000       60.70000

 NSTEP =     2500   TIME(PS) =      25.000  TEMP(K) =   299.68  PRESS =     0.0
 Etot   =      5281.4895  EKtot   =     10509.0391  EPtot      =     -5227.5496
 BOND   =      1835.3517  ANGLE   =      4714.1669  DIHED      =      8324.7361
 1-4 NB =      2350.1439  1-4 EEL =     16259.1611  VDWAALS    =     -4526.9872
 EELEC  =    -68089.0862  EHBOND  =         0.0000  RESTRAINT  =     33904.9642
 Exray  =     33904.9642  Rwork   =         0.2411  Rfree      =         0.2476
 EAMBER (non-restraint)  =    -39132.5138
 ------------------------------------------------------------------------------

wrapping first mol.:        0.00000        0.00000       60.70000

 NSTEP =     2600   TIME(PS) =      25.200  TEMP(K) =   298.37  PRESS =     0.0
 Etot   =      6523.6969  EKtot   =     10463.0410  EPtot      =     -3939.3441
 BOND   =      1794.9817  ANGLE   =      4791.5004  DIHED      =      8335.9551
 1-4 NB =      2292.6720  1-4 EEL =     16269.1472  VDWAALS    =     -4462.6447
 EELEC  =    -68130.6300  EHBOND  =         0.0000  RESTRAINT  =     35169.6743
 Exray  =     35169.6743  Rwork   =         0.2377  Rfree      =         0.2503
 EAMBER (non-restraint)  =    -39109.0184
 ------------------------------------------------------------------------------

wrapping first mol.:        0.00000        0.00000       60.70000

 NSTEP =     2700   TIME(PS) =      25.400  TEMP(K) =   296.00  PRESS =     0.0
 Etot   =      7858.9644  EKtot   =     10379.9307  EPtot      =     -2520.9663
 BOND   =      1796.7563  ANGLE   =      4717.1839  DIHED      =      8338.6738
 1-4 NB =      2354.3353  1-4 EEL =     16321.3890  VDWAALS    =     -4537.8408
 EELEC  =    -68058.7792  EHBOND  =         0.0000  RESTRAINT  =     36547.3155
 Exray  =     36547.3155  Rwork   =         0.2391  Rfree      =         0.2434
 EAMBER (non-restraint)  =    -39068.2818
 ------------------------------------------------------------------------------

wrapping first mol.:        0.00000        0.00000       60.70000

 NSTEP =     2800   TIME(PS) =      25.600  TEMP(K) =   297.72  PRESS =     0.0
 Etot   =      9081.5915  EKtot   =     10440.1055  EPtot      =     -1358.5140
 BOND   =      1743.3759  ANGLE   =      4750.7496  DIHED      =      8335.5640
 1-4 NB =      2352.5162  1-4 EEL =     16311.4223  VDWAALS    =     -4385.2791
 EELEC  =    -68327.8363  EHBOND  =         0.0000  RESTRAINT  =     37860.9733
 Exray  =     37860.9733  Rwork   =         0.2388  Rfree      =         0.2384
 EAMBER (non-restraint)  =    -39219.4873
 ------------------------------------------------------------------------------

wrapping first mol.:        0.00000        0.00000       60.70000

 NSTEP =     2900   TIME(PS) =      25.800  TEMP(K) =   294.18  PRESS =     0.0
 Etot   =     10298.4062  EKtot   =     10315.8818  EPtot      =       -17.4756
 BOND   =      1792.1288  ANGLE   =      4680.6113  DIHED      =      8339.2870
 1-4 NB =      2354.0759  1-4 EEL =     16419.6297  VDWAALS    =     -4436.0944
 EELEC  =    -68165.7642  EHBOND  =         0.0000  RESTRAINT  =     38998.6503
 Exray  =     38998.6503  Rwork   =         0.2341  Rfree      =         0.2384
 EAMBER (non-restraint)  =    -39016.1259
 ------------------------------------------------------------------------------

wrapping first mol.:        0.00000        0.00000       60.70000

 NSTEP =     3000   TIME(PS) =      26.000  TEMP(K) =   294.63  PRESS =     0.0
 Etot   =     11695.7911  EKtot   =     10331.8369  EPtot      =      1363.9542
 BOND   =      1749.8582  ANGLE   =      4758.0456  DIHED      =      8362.6039
 1-4 NB =      2351.1648  1-4 EEL =     16271.5495  VDWAALS    =     -4593.9044
 EELEC  =    -67975.3451  EHBOND  =         0.0000  RESTRAINT  =     40439.9817
 Exray  =     40439.9817  Rwork   =         0.2363  Rfree      =         0.2393
 EAMBER (non-restraint)  =    -39076.0275
 ------------------------------------------------------------------------------

wrapping first mol.:        0.00000        0.00000       60.70000

 NSTEP =     3100   TIME(PS) =      26.200  TEMP(K) =   300.31  PRESS =     0.0
 Etot   =     13105.1648  EKtot   =     10531.0732  EPtot      =      2574.0916
 BOND   =      1747.0621  ANGLE   =      4754.9597  DIHED      =      8344.9158
 1-4 NB =      2358.3687  1-4 EEL =     16305.0923  VDWAALS    =     -4498.4663
 EELEC  =    -68164.3146  EHBOND  =         0.0000  RESTRAINT  =     41726.4738
 Exray  =     41726.4738  Rwork   =         0.2346  Rfree      =         0.2366
 EAMBER (non-restraint)  =    -39152.3822
 ------------------------------------------------------------------------------

wrapping first mol.:        0.00000        0.00000       60.70000

 NSTEP =     3200   TIME(PS) =      26.400  TEMP(K) =   295.55  PRESS =     0.0
 Etot   =     14341.0996  EKtot   =     10363.9961  EPtot      =      3977.1035
 BOND   =      1785.8115  ANGLE   =      4727.2073  DIHED      =      8312.2924
 1-4 NB =      2382.4945  1-4 EEL =     16305.8740  VDWAALS    =     -4406.2623
 EELEC  =    -68201.1829  EHBOND  =         0.0000  RESTRAINT  =     43070.8691
 Exray  =     43070.8691  Rwork   =         0.2338  Rfree      =         0.2399
 EAMBER (non-restraint)  =    -39093.7656
 ------------------------------------------------------------------------------

wrapping first mol.:        0.00000        0.00000       60.70000

 NSTEP =     3300   TIME(PS) =      26.600  TEMP(K) =   299.08  PRESS =     0.0
 Etot   =     15682.9149  EKtot   =     10487.7041  EPtot      =      5195.2108
 BOND   =      1731.9974  ANGLE   =      4680.3506  DIHED      =      8369.6832
 1-4 NB =      2335.3127  1-4 EEL =     16298.7650  VDWAALS    =     -4529.5977
 EELEC  =    -68047.2440  EHBOND  =         0.0000  RESTRAINT  =     44355.9437
 Exray  =     44355.9437  Rwork   =         0.2334  Rfree      =         0.2383
 EAMBER (non-restraint)  =    -39160.7330
 ------------------------------------------------------------------------------

wrapping first mol.:        0.00000        0.00000       60.70000

 NSTEP =     3400   TIME(PS) =      26.800  TEMP(K) =   298.70  PRESS =     0.0
 Etot   =     17120.2111  EKtot   =     10474.4531  EPtot      =      6645.7579
 BOND   =      1760.9230  ANGLE   =      4769.3086  DIHED      =      8379.7008
 1-4 NB =      2369.1385  1-4 EEL =     16234.7784  VDWAALS    =     -4489.2983
 EELEC  =    -68084.1009  EHBOND  =         0.0000  RESTRAINT  =     45705.3078
 Exray  =     45705.3078  Rwork   =         0.2334  Rfree      =         0.2393
 EAMBER (non-restraint)  =    -39059.5499
 ------------------------------------------------------------------------------

wrapping first mol.:        0.00000        0.00000       60.70000

 NSTEP =     3500   TIME(PS) =      27.000  TEMP(K) =   298.16  PRESS =     0.0
 Etot   =     18303.9843  EKtot   =     10455.4258  EPtot      =      7848.5585
 BOND   =      1801.5675  ANGLE   =      4575.4665  DIHED      =      8350.0818
 1-4 NB =      2386.5572  1-4 EEL =     16279.7508  VDWAALS    =     -4489.6843
 EELEC  =    -68045.2175  EHBOND  =         0.0000  RESTRAINT  =     46990.0366
 Exray  =     46990.0366  Rwork   =         0.2322  Rfree      =         0.2384
 EAMBER (non-restraint)  =    -39141.4781
 ------------------------------------------------------------------------------

wrapping first mol.:        0.00000        0.00000       60.70000

 NSTEP =     3600   TIME(PS) =      27.200  TEMP(K) =   297.77  PRESS =     0.0
 Etot   =     19740.1171  EKtot   =     10441.7920  EPtot      =      9298.3251
 BOND   =      1800.1225  ANGLE   =      4736.0275  DIHED      =      8323.8243
 1-4 NB =      2414.1797  1-4 EEL =     16366.5981  VDWAALS    =     -4455.2452
 EELEC  =    -68177.9148  EHBOND  =         0.0000  RESTRAINT  =     48290.7330
 Exray  =     48290.7330  Rwork   =         0.2314  Rfree      =         0.2411
 EAMBER (non-restraint)  =    -38992.4079
 ------------------------------------------------------------------------------

wrapping first mol.:        0.00000        0.00000       60.70000

 NSTEP =     3700   TIME(PS) =      27.400  TEMP(K) =   297.67  PRESS =     0.0
 Etot   =     21095.0005  EKtot   =     10438.4062  EPtot      =     10656.5942
 BOND   =      1797.2601  ANGLE   =      4686.8649  DIHED      =      8367.6070
 1-4 NB =      2383.7491  1-4 EEL =     16287.5998  VDWAALS    =     -4504.3993
 EELEC  =    -67971.5343  EHBOND  =         0.0000  RESTRAINT  =     49609.4470
 Exray  =     49609.4470  Rwork   =         0.2303  Rfree      =         0.2426
 EAMBER (non-restraint)  =    -38952.8527
 ------------------------------------------------------------------------------

wrapping first mol.:        0.00000        0.00000       60.70000

 NSTEP =     3800   TIME(PS) =      27.600  TEMP(K) =   296.72  PRESS =     0.0
 Etot   =     22328.9353  EKtot   =     10405.1299  EPtot      =     11923.8054
 BOND   =      1773.3562  ANGLE   =      4754.3514  DIHED      =      8268.8590
 1-4 NB =      2389.0065  1-4 EEL =     16280.9528  VDWAALS    =     -4514.7639
 EELEC  =    -67942.3991  EHBOND  =         0.0000  RESTRAINT  =     50914.4426
 Exray  =     50914.4426  Rwork   =         0.2297  Rfree      =         0.2452
 EAMBER (non-restraint)  =    -38990.6372
 ------------------------------------------------------------------------------

wrapping first mol.:        0.00000        0.00000       60.70000

 NSTEP =     3900   TIME(PS) =      27.800  TEMP(K) =   300.71  PRESS =     0.0
 Etot   =     23834.8866  EKtot   =     10545.1602  EPtot      =     13289.7264
 BOND   =      1803.5516  ANGLE   =      4677.8466  DIHED      =      8305.7361
 1-4 NB =      2397.1322  1-4 EEL =     16329.4732  VDWAALS    =     -4578.9844
 EELEC  =    -67969.4584  EHBOND  =         0.0000  RESTRAINT  =     52324.4295
 Exray  =     52324.4295  Rwork   =         0.2281  Rfree      =         0.2423
 EAMBER (non-restraint)  =    -39034.7031
 ------------------------------------------------------------------------------

wrapping first mol.:        0.00000        0.00000       60.70000

 NSTEP =     4000   TIME(PS) =      28.000  TEMP(K) =   298.02  PRESS =     0.0
 Etot   =     25133.8878  EKtot   =     10450.7559  EPtot      =     14683.1320
 BOND   =      1824.2427  ANGLE   =      4691.5847  DIHED      =      8338.5173
 1-4 NB =      2403.5611  1-4 EEL =     16321.2721  VDWAALS    =     -4477.3463
 EELEC  =    -67949.9547  EHBOND  =         0.0000  RESTRAINT  =     53531.2550
 Exray  =     53531.2550  Rwork   =         0.2284  Rfree      =         0.2400
 EAMBER (non-restraint)  =    -38848.1231
 ------------------------------------------------------------------------------

wrapping first mol.:        0.00000        0.00000       60.70000

 NSTEP =     4100   TIME(PS) =      28.200  TEMP(K) =   300.70  PRESS =     0.0
 Etot   =     26427.4951  EKtot   =     10544.5039  EPtot      =     15882.9912
 BOND   =      1854.8223  ANGLE   =      4672.9405  DIHED      =      8329.0151
 1-4 NB =      2384.5170  1-4 EEL =     16423.9711  VDWAALS    =     -4452.2013
 EELEC  =    -68156.0782  EHBOND  =         0.0000  RESTRAINT  =     54826.0048
 Exray  =     54826.0048  Rwork   =         0.2260  Rfree      =         0.2348
 EAMBER (non-restraint)  =    -38943.0136
 ------------------------------------------------------------------------------

wrapping first mol.:        0.00000        0.00000       60.70000

 NSTEP =     4200   TIME(PS) =      28.400  TEMP(K) =   297.95  PRESS =     0.0
 Etot   =     27622.0039  EKtot   =     10448.2656  EPtot      =     17173.7382
 BOND   =      1752.4988  ANGLE   =      4770.1481  DIHED      =      8340.9292
 1-4 NB =      2391.5031  1-4 EEL =     16381.9342  VDWAALS    =     -4445.9669
 EELEC  =    -68130.6957  EHBOND  =         0.0000  RESTRAINT  =     56113.3875
 Exray  =     56113.3875  Rwork   =         0.2270  Rfree      =         0.2385
 EAMBER (non-restraint)  =    -38939.6492
 ------------------------------------------------------------------------------

wrapping first mol.:        0.00000        0.00000       60.70000

 NSTEP =     4300   TIME(PS) =      28.600  TEMP(K) =   299.37  PRESS =     0.0
 Etot   =     28781.9209  EKtot   =     10497.8418  EPtot      =     18284.0791
 BOND   =      1771.3237  ANGLE   =      4669.5900  DIHED      =      8304.4438
 1-4 NB =      2394.0132  1-4 EEL =     16413.0157  VDWAALS    =     -4609.7258
 EELEC  =    -68043.7548  EHBOND  =         0.0000  RESTRAINT  =     57385.1733
 Exray  =     57385.1733  Rwork   =         0.2244  Rfree      =         0.2363
 EAMBER (non-restraint)  =    -39101.0942
 ------------------------------------------------------------------------------

wrapping first mol.:        0.00000        0.00000       60.70000

 NSTEP =     4400   TIME(PS) =      28.800  TEMP(K) =   295.35  PRESS =     0.0
 Etot   =     30041.7509  EKtot   =     10356.9531  EPtot      =     19684.7978
 BOND   =      1778.9771  ANGLE   =      4656.5539  DIHED      =      8281.6256
 1-4 NB =      2401.4089  1-4 EEL =     16456.3323  VDWAALS    =     -4510.3201
 EELEC  =    -68135.2604  EHBOND  =         0.0000  RESTRAINT  =     58755.4805
 Exray  =     58755.4805  Rwork   =         0.2253  Rfree      =         0.2379
 EAMBER (non-restraint)  =    -39070.6827
 ------------------------------------------------------------------------------

wrapping first mol.:        0.00000        0.00000       60.70000

 NSTEP =     4500   TIME(PS) =      29.000  TEMP(K) =   297.23  PRESS =     0.0
 Etot   =     31513.4680  EKtot   =     10422.8828  EPtot      =     21090.5852
 BOND   =      1718.9294  ANGLE   =      4658.0011  DIHED      =      8333.8824
 1-4 NB =      2417.2591  1-4 EEL =     16400.2807  VDWAALS    =     -4532.9301
 EELEC  =    -67934.2771  EHBOND  =         0.0000  RESTRAINT  =     60029.4397
 Exray  =     60029.4397  Rwork   =         0.2245  Rfree      =         0.2370
 EAMBER (non-restraint)  =    -38938.8545
 ------------------------------------------------------------------------------

wrapping first mol.:        0.00000        0.00000       60.70000

 NSTEP =     4600   TIME(PS) =      29.200  TEMP(K) =   298.43  PRESS =     0.0
 Etot   =     32809.8510  EKtot   =     10464.9473  EPtot      =     22344.9038
 BOND   =      1786.1117  ANGLE   =      4656.3689  DIHED      =      8350.0659
 1-4 NB =      2411.9864  1-4 EEL =     16466.6173  VDWAALS    =     -4605.0402
 EELEC  =    -68007.7361  EHBOND  =         0.0000  RESTRAINT  =     61286.5298
 Exray  =     61286.5298  Rwork   =         0.2235  Rfree      =         0.2358
 EAMBER (non-restraint)  =    -38941.6261
 ------------------------------------------------------------------------------

wrapping first mol.:        0.00000        0.00000       60.70000

 NSTEP =     4700   TIME(PS) =      29.400  TEMP(K) =   300.29  PRESS =     0.0
 Etot   =     34229.7086  EKtot   =     10530.3447  EPtot      =     23699.3638
 BOND   =      1777.5200  ANGLE   =      4763.5547  DIHED      =      8359.7176
 1-4 NB =      2407.0799  1-4 EEL =     16331.9864  VDWAALS    =     -4502.8102
 EELEC  =    -67993.3134  EHBOND  =         0.0000  RESTRAINT  =     62555.6287
 Exray  =     62555.6287  Rwork   =         0.2226  Rfree      =         0.2296
 EAMBER (non-restraint)  =    -38856.2649
 ------------------------------------------------------------------------------

wrapping first mol.:        0.00000        0.00000       60.70000

 NSTEP =     4800   TIME(PS) =      29.600  TEMP(K) =   299.73  PRESS =     0.0
 Etot   =     35604.3748  EKtot   =     10510.7871  EPtot      =     25093.5877
 BOND   =      1784.4614  ANGLE   =      4843.2926  DIHED      =      8296.1993
 1-4 NB =      2429.8031  1-4 EEL =     16386.2451  VDWAALS    =     -4492.3984
 EELEC  =    -67955.1171  EHBOND  =         0.0000  RESTRAINT  =     63801.1017
 Exray  =     63801.1017  Rwork   =         0.2217  Rfree      =         0.2325
 EAMBER (non-restraint)  =    -38707.5140
 ------------------------------------------------------------------------------

wrapping first mol.:        0.00000        0.00000       60.70000

 NSTEP =     4900   TIME(PS) =      29.800  TEMP(K) =   299.48  PRESS =     0.0
 Etot   =     36906.8675  EKtot   =     10501.6865  EPtot      =     26405.1810
 BOND   =      1832.4427  ANGLE   =      4729.9988  DIHED      =      8313.6646
 1-4 NB =      2402.4781  1-4 EEL =     16405.4130  VDWAALS    =     -4460.0791
 EELEC  =    -67994.6233  EHBOND  =         0.0000  RESTRAINT  =     65175.8863
 Exray  =     65175.8863  Rwork   =         0.2218  Rfree      =         0.2343
 EAMBER (non-restraint)  =    -38770.7053
 ------------------------------------------------------------------------------

wrapping first mol.:        0.00000        0.00000       60.70000
wrapping first mol.:        0.00000        0.00000       60.70000

 NSTEP =     5000   TIME(PS) =      30.000  TEMP(K) =   297.65  PRESS =     0.0
 Etot   =     37955.9994  EKtot   =     10437.6094  EPtot      =     27518.3901
 BOND   =      1841.9248  ANGLE   =      4734.9856  DIHED      =      8315.8509
 1-4 NB =      2400.4736  1-4 EEL =     16354.5150  VDWAALS    =     -4383.0268
 EELEC  =    -68128.2754  EHBOND  =         0.0000  RESTRAINT  =     66381.9424
 Exray  =     66381.9424  Rwork   =         0.2202  Rfree      =         0.2321
 EAMBER (non-restraint)  =    -38863.5524
 ------------------------------------------------------------------------------


      A V E R A G E S   O V E R      50 S T E P S


 NSTEP =     5000   TIME(PS) =      30.000  TEMP(K) =   298.91  PRESS =     0.0
 Etot   =      5921.5256  EKtot   =     10481.7439  EPtot      =     -4560.2183
 BOND   =      1789.3305  ANGLE   =      4755.5888  DIHED      =      8349.7112
 1-4 NB =      2330.6360  1-4 EEL =     16270.8147  VDWAALS    =     -4497.8468
 EELEC  =    -67931.8244  EHBOND  =         0.0000  RESTRAINT  =     34373.3718
 Exray  =     66381.9424  Rwork   =         0.2202  Rfree      =         0.2321
 EAMBER (non-restraint)  =    -38933.5901
 ------------------------------------------------------------------------------


      R M S  F L U C T U A T I O N S


 NSTEP =     5000   TIME(PS) =      30.000  TEMP(K) =     2.76  PRESS =     0.0
 Etot   =     18920.5726  EKtot   =        96.9268  EPtot      =     18960.2911
 BOND   =        35.1211  ANGLE   =        68.6319  DIHED      =        43.5456
 1-4 NB =        61.0920  1-4 EEL =       101.4369  VDWAALS    =        62.6684
 EELEC  =       305.0799  EHBOND  =         0.0000  RESTRAINT  =     19066.7699
 Exray  =     66381.9424  Rwork   =         0.2202  Rfree      =         0.2321
 EAMBER (non-restraint)  =      -106.4788
 ------------------------------------------------------------------------------

--------------------------------------------------------------------------------
   5.  TIMINGS
--------------------------------------------------------------------------------

|  NonSetup CPU Time in Major Routines:
|
|     Routine           Sec        %
|     ------------------------------
|     Nonbond         174.81   99.59
|     Calc ihkl         0.00    0.00
|     Calc dhkl         0.00    0.00
|     Bond              0.00    0.00
|     Angle             0.00    0.00
|     Dihedral          0.00    0.00
|     Shake             0.05    0.03
|     RunMD             0.64    0.37
|     Other             0.02    0.01
|     ------------------------------
|     Total           175.52

|  PME Nonbond Pairlist CPU Time:
|
|     Routine              Sec        %
|     ---------------------------------
|     Set Up Cit           0.00    0.00
|     Build List           0.00    0.00
|     ---------------------------------
|     Total                0.00    0.00

|  PME Direct Force CPU Time:
|
|     Routine              Sec        %
|     ---------------------------------
|     NonBonded Calc       0.00    0.00
|     Exclude Masked       0.00    0.00
|     Other                0.01    0.01
|     ---------------------------------
|     Total                0.01    0.01

|  PME Reciprocal Force CPU Time:
|
|     Routine              Sec        %
|     ---------------------------------
|     1D bspline           0.00    0.00
|     Grid Charges         0.00    0.00
|     Scalar Sum           0.00    0.00
|     Gradient Sum         0.00    0.00
|     FFT                  0.00    0.00
|     ---------------------------------
|     Total                0.00    0.00

|  Final Performance Info:
|     -----------------------------------------------------
|     Average timings for last    1400 steps:
|     Elapsed(s) =      49.09 Per Step(ms) =      35.06
|         ns/day =       4.93   seconds/ns =   17530.38
|
|     Average timings for all steps:
|     Elapsed(s) =     175.50 Per Step(ms) =      35.10
|         ns/day =       4.92   seconds/ns =   17549.90
|     -----------------------------------------------------

|  Setup CPU time:            1.77 seconds
|  NonSetup CPU time:       175.52 seconds
|  Total CPU time:          177.30 seconds     0.05 hours

|  Setup wall time:           2    seconds
|  NonSetup wall time:      176    seconds
|  Total wall time:         178    seconds     0.05 hours
